Job started on Sat Jan 25 04:17:00 PM CET 2025
/dss/dssfs02/lwp-dss-0001/ui521/ui521-dss-0000/ru62tig2/X208SC24103610-Z01-F001/01.RawData
application/x-gzip
Started analysis of H3B_dKO_1_MKRN240023768-1A_22HGLTLT4_L2_1.fq.gz
Approx 5% complete for H3B_dKO_1_MKRN240023768-1A_22HGLTLT4_L2_1.fq.gz
Approx 10% complete for H3B_dKO_1_MKRN240023768-1A_22HGLTLT4_L2_1.fq.gz
Approx 15% complete for H3B_dKO_1_MKRN240023768-1A_22HGLTLT4_L2_1.fq.gz
Approx 20% complete for H3B_dKO_1_MKRN240023768-1A_22HGLTLT4_L2_1.fq.gz
Approx 25% complete for H3B_dKO_1_MKRN240023768-1A_22HGLTLT4_L2_1.fq.gz
Approx 30% complete for H3B_dKO_1_MKRN240023768-1A_22HGLTLT4_L2_1.fq.gz
Approx 35% complete for H3B_dKO_1_MKRN240023768-1A_22HGLTLT4_L2_1.fq.gz
Approx 40% complete for H3B_dKO_1_MKRN240023768-1A_22HGLTLT4_L2_1.fq.gz
Approx 45% complete for H3B_dKO_1_MKRN240023768-1A_22HGLTLT4_L2_1.fq.gz
Approx 50% complete for H3B_dKO_1_MKRN240023768-1A_22HGLTLT4_L2_1.fq.gz
Approx 55% complete for H3B_dKO_1_MKRN240023768-1A_22HGLTLT4_L2_1.fq.gz
Approx 60% complete for H3B_dKO_1_MKRN240023768-1A_22HGLTLT4_L2_1.fq.gz
Approx 65% complete for H3B_dKO_1_MKRN240023768-1A_22HGLTLT4_L2_1.fq.gz
Approx 70% complete for H3B_dKO_1_MKRN240023768-1A_22HGLTLT4_L2_1.fq.gz
Approx 75% complete for H3B_dKO_1_MKRN240023768-1A_22HGLTLT4_L2_1.fq.gz
Approx 80% complete for H3B_dKO_1_MKRN240023768-1A_22HGLTLT4_L2_1.fq.gz
Approx 85% complete for H3B_dKO_1_MKRN240023768-1A_22HGLTLT4_L2_1.fq.gz
Approx 90% complete for H3B_dKO_1_MKRN240023768-1A_22HGLTLT4_L2_1.fq.gz
Approx 95% complete for H3B_dKO_1_MKRN240023768-1A_22HGLTLT4_L2_1.fq.gz
Analysis complete for H3B_dKO_1_MKRN240023768-1A_22HGLTLT4_L2_1.fq.gz
application/x-gzip
Started analysis of H3B_dKO_1_MKRN240023768-1A_22HGLTLT4_L2_2.fq.gz
Approx 5% complete for H3B_dKO_1_MKRN240023768-1A_22HGLTLT4_L2_2.fq.gz
Approx 10% complete for H3B_dKO_1_MKRN240023768-1A_22HGLTLT4_L2_2.fq.gz
Approx 15% complete for H3B_dKO_1_MKRN240023768-1A_22HGLTLT4_L2_2.fq.gz
Approx 20% complete for H3B_dKO_1_MKRN240023768-1A_22HGLTLT4_L2_2.fq.gz
Approx 25% complete for H3B_dKO_1_MKRN240023768-1A_22HGLTLT4_L2_2.fq.gz
Approx 30% complete for H3B_dKO_1_MKRN240023768-1A_22HGLTLT4_L2_2.fq.gz
Approx 35% complete for H3B_dKO_1_MKRN240023768-1A_22HGLTLT4_L2_2.fq.gz
Approx 40% complete for H3B_dKO_1_MKRN240023768-1A_22HGLTLT4_L2_2.fq.gz
Approx 45% complete for H3B_dKO_1_MKRN240023768-1A_22HGLTLT4_L2_2.fq.gz
Approx 50% complete for H3B_dKO_1_MKRN240023768-1A_22HGLTLT4_L2_2.fq.gz
Approx 55% complete for H3B_dKO_1_MKRN240023768-1A_22HGLTLT4_L2_2.fq.gz
Approx 60% complete for H3B_dKO_1_MKRN240023768-1A_22HGLTLT4_L2_2.fq.gz
Approx 65% complete for H3B_dKO_1_MKRN240023768-1A_22HGLTLT4_L2_2.fq.gz
Approx 70% complete for H3B_dKO_1_MKRN240023768-1A_22HGLTLT4_L2_2.fq.gz
Approx 75% complete for H3B_dKO_1_MKRN240023768-1A_22HGLTLT4_L2_2.fq.gz
Approx 80% complete for H3B_dKO_1_MKRN240023768-1A_22HGLTLT4_L2_2.fq.gz
Approx 85% complete for H3B_dKO_1_MKRN240023768-1A_22HGLTLT4_L2_2.fq.gz
Approx 90% complete for H3B_dKO_1_MKRN240023768-1A_22HGLTLT4_L2_2.fq.gz
Approx 95% complete for H3B_dKO_1_MKRN240023768-1A_22HGLTLT4_L2_2.fq.gz
Analysis complete for H3B_dKO_1_MKRN240023768-1A_22HGLTLT4_L2_2.fq.gz
application/x-gzip
Started analysis of H3B_dKO_2_MKRN240023769-1A_22HGLTLT4_L2_1.fq.gz
Approx 5% complete for H3B_dKO_2_MKRN240023769-1A_22HGLTLT4_L2_1.fq.gz
Approx 10% complete for H3B_dKO_2_MKRN240023769-1A_22HGLTLT4_L2_1.fq.gz
Approx 15% complete for H3B_dKO_2_MKRN240023769-1A_22HGLTLT4_L2_1.fq.gz
Approx 20% complete for H3B_dKO_2_MKRN240023769-1A_22HGLTLT4_L2_1.fq.gz
Approx 25% complete for H3B_dKO_2_MKRN240023769-1A_22HGLTLT4_L2_1.fq.gz
Approx 30% complete for H3B_dKO_2_MKRN240023769-1A_22HGLTLT4_L2_1.fq.gz
Approx 35% complete for H3B_dKO_2_MKRN240023769-1A_22HGLTLT4_L2_1.fq.gz
Approx 40% complete for H3B_dKO_2_MKRN240023769-1A_22HGLTLT4_L2_1.fq.gz
Approx 45% complete for H3B_dKO_2_MKRN240023769-1A_22HGLTLT4_L2_1.fq.gz
Approx 50% complete for H3B_dKO_2_MKRN240023769-1A_22HGLTLT4_L2_1.fq.gz
Approx 55% complete for H3B_dKO_2_MKRN240023769-1A_22HGLTLT4_L2_1.fq.gz
Approx 60% complete for H3B_dKO_2_MKRN240023769-1A_22HGLTLT4_L2_1.fq.gz
Approx 65% complete for H3B_dKO_2_MKRN240023769-1A_22HGLTLT4_L2_1.fq.gz
Approx 70% complete for H3B_dKO_2_MKRN240023769-1A_22HGLTLT4_L2_1.fq.gz
Approx 75% complete for H3B_dKO_2_MKRN240023769-1A_22HGLTLT4_L2_1.fq.gz
Approx 80% complete for H3B_dKO_2_MKRN240023769-1A_22HGLTLT4_L2_1.fq.gz
Approx 85% complete for H3B_dKO_2_MKRN240023769-1A_22HGLTLT4_L2_1.fq.gz
Approx 90% complete for H3B_dKO_2_MKRN240023769-1A_22HGLTLT4_L2_1.fq.gz
Approx 95% complete for H3B_dKO_2_MKRN240023769-1A_22HGLTLT4_L2_1.fq.gz
Analysis complete for H3B_dKO_2_MKRN240023769-1A_22HGLTLT4_L2_1.fq.gz
application/x-gzip
Started analysis of H3B_dKO_2_MKRN240023769-1A_22HGLTLT4_L2_2.fq.gz
Approx 5% complete for H3B_dKO_2_MKRN240023769-1A_22HGLTLT4_L2_2.fq.gz
Approx 10% complete for H3B_dKO_2_MKRN240023769-1A_22HGLTLT4_L2_2.fq.gz
Approx 15% complete for H3B_dKO_2_MKRN240023769-1A_22HGLTLT4_L2_2.fq.gz
Approx 20% complete for H3B_dKO_2_MKRN240023769-1A_22HGLTLT4_L2_2.fq.gz
Approx 25% complete for H3B_dKO_2_MKRN240023769-1A_22HGLTLT4_L2_2.fq.gz
Approx 30% complete for H3B_dKO_2_MKRN240023769-1A_22HGLTLT4_L2_2.fq.gz
Approx 35% complete for H3B_dKO_2_MKRN240023769-1A_22HGLTLT4_L2_2.fq.gz
Approx 40% complete for H3B_dKO_2_MKRN240023769-1A_22HGLTLT4_L2_2.fq.gz
Approx 45% complete for H3B_dKO_2_MKRN240023769-1A_22HGLTLT4_L2_2.fq.gz
Approx 50% complete for H3B_dKO_2_MKRN240023769-1A_22HGLTLT4_L2_2.fq.gz
Approx 55% complete for H3B_dKO_2_MKRN240023769-1A_22HGLTLT4_L2_2.fq.gz
Approx 60% complete for H3B_dKO_2_MKRN240023769-1A_22HGLTLT4_L2_2.fq.gz
Approx 65% complete for H3B_dKO_2_MKRN240023769-1A_22HGLTLT4_L2_2.fq.gz
Approx 70% complete for H3B_dKO_2_MKRN240023769-1A_22HGLTLT4_L2_2.fq.gz
Approx 75% complete for H3B_dKO_2_MKRN240023769-1A_22HGLTLT4_L2_2.fq.gz
Approx 80% complete for H3B_dKO_2_MKRN240023769-1A_22HGLTLT4_L2_2.fq.gz
Approx 85% complete for H3B_dKO_2_MKRN240023769-1A_22HGLTLT4_L2_2.fq.gz
Approx 90% complete for H3B_dKO_2_MKRN240023769-1A_22HGLTLT4_L2_2.fq.gz
Approx 95% complete for H3B_dKO_2_MKRN240023769-1A_22HGLTLT4_L2_2.fq.gz
Analysis complete for H3B_dKO_2_MKRN240023769-1A_22HGLTLT4_L2_2.fq.gz
application/x-gzip
Started analysis of H3B_dKO_3_MKRN240023770-1A_22HGLTLT4_L2_1.fq.gz
Approx 5% complete for H3B_dKO_3_MKRN240023770-1A_22HGLTLT4_L2_1.fq.gz
Approx 10% complete for H3B_dKO_3_MKRN240023770-1A_22HGLTLT4_L2_1.fq.gz
Approx 15% complete for H3B_dKO_3_MKRN240023770-1A_22HGLTLT4_L2_1.fq.gz
Approx 20% complete for H3B_dKO_3_MKRN240023770-1A_22HGLTLT4_L2_1.fq.gz
Approx 25% complete for H3B_dKO_3_MKRN240023770-1A_22HGLTLT4_L2_1.fq.gz
Approx 30% complete for H3B_dKO_3_MKRN240023770-1A_22HGLTLT4_L2_1.fq.gz
Approx 35% complete for H3B_dKO_3_MKRN240023770-1A_22HGLTLT4_L2_1.fq.gz
Approx 40% complete for H3B_dKO_3_MKRN240023770-1A_22HGLTLT4_L2_1.fq.gz
Approx 45% complete for H3B_dKO_3_MKRN240023770-1A_22HGLTLT4_L2_1.fq.gz
Approx 50% complete for H3B_dKO_3_MKRN240023770-1A_22HGLTLT4_L2_1.fq.gz
Approx 55% complete for H3B_dKO_3_MKRN240023770-1A_22HGLTLT4_L2_1.fq.gz
Approx 60% complete for H3B_dKO_3_MKRN240023770-1A_22HGLTLT4_L2_1.fq.gz
Approx 65% complete for H3B_dKO_3_MKRN240023770-1A_22HGLTLT4_L2_1.fq.gz
Approx 70% complete for H3B_dKO_3_MKRN240023770-1A_22HGLTLT4_L2_1.fq.gz
Approx 75% complete for H3B_dKO_3_MKRN240023770-1A_22HGLTLT4_L2_1.fq.gz
Approx 80% complete for H3B_dKO_3_MKRN240023770-1A_22HGLTLT4_L2_1.fq.gz
Approx 85% complete for H3B_dKO_3_MKRN240023770-1A_22HGLTLT4_L2_1.fq.gz
Approx 90% complete for H3B_dKO_3_MKRN240023770-1A_22HGLTLT4_L2_1.fq.gz
Approx 95% complete for H3B_dKO_3_MKRN240023770-1A_22HGLTLT4_L2_1.fq.gz
Analysis complete for H3B_dKO_3_MKRN240023770-1A_22HGLTLT4_L2_1.fq.gz
application/x-gzip
Started analysis of H3B_dKO_3_MKRN240023770-1A_22HGLTLT4_L2_2.fq.gz
Approx 5% complete for H3B_dKO_3_MKRN240023770-1A_22HGLTLT4_L2_2.fq.gz
Approx 10% complete for H3B_dKO_3_MKRN240023770-1A_22HGLTLT4_L2_2.fq.gz
Approx 15% complete for H3B_dKO_3_MKRN240023770-1A_22HGLTLT4_L2_2.fq.gz
Approx 20% complete for H3B_dKO_3_MKRN240023770-1A_22HGLTLT4_L2_2.fq.gz
Approx 25% complete for H3B_dKO_3_MKRN240023770-1A_22HGLTLT4_L2_2.fq.gz
Approx 30% complete for H3B_dKO_3_MKRN240023770-1A_22HGLTLT4_L2_2.fq.gz
Approx 35% complete for H3B_dKO_3_MKRN240023770-1A_22HGLTLT4_L2_2.fq.gz
Approx 40% complete for H3B_dKO_3_MKRN240023770-1A_22HGLTLT4_L2_2.fq.gz
Approx 45% complete for H3B_dKO_3_MKRN240023770-1A_22HGLTLT4_L2_2.fq.gz
Approx 50% complete for H3B_dKO_3_MKRN240023770-1A_22HGLTLT4_L2_2.fq.gz
Approx 55% complete for H3B_dKO_3_MKRN240023770-1A_22HGLTLT4_L2_2.fq.gz
Approx 60% complete for H3B_dKO_3_MKRN240023770-1A_22HGLTLT4_L2_2.fq.gz
Approx 65% complete for H3B_dKO_3_MKRN240023770-1A_22HGLTLT4_L2_2.fq.gz
Approx 70% complete for H3B_dKO_3_MKRN240023770-1A_22HGLTLT4_L2_2.fq.gz
Approx 75% complete for H3B_dKO_3_MKRN240023770-1A_22HGLTLT4_L2_2.fq.gz
Approx 80% complete for H3B_dKO_3_MKRN240023770-1A_22HGLTLT4_L2_2.fq.gz
Approx 85% complete for H3B_dKO_3_MKRN240023770-1A_22HGLTLT4_L2_2.fq.gz
Approx 90% complete for H3B_dKO_3_MKRN240023770-1A_22HGLTLT4_L2_2.fq.gz
Approx 95% complete for H3B_dKO_3_MKRN240023770-1A_22HGLTLT4_L2_2.fq.gz
Analysis complete for H3B_dKO_3_MKRN240023770-1A_22HGLTLT4_L2_2.fq.gz
application/x-gzip
Started analysis of H3B_M_1_MKRN240023765-1A_22HGLTLT4_L2_1.fq.gz
Approx 5% complete for H3B_M_1_MKRN240023765-1A_22HGLTLT4_L2_1.fq.gz
Approx 10% complete for H3B_M_1_MKRN240023765-1A_22HGLTLT4_L2_1.fq.gz
Approx 15% complete for H3B_M_1_MKRN240023765-1A_22HGLTLT4_L2_1.fq.gz
Approx 20% complete for H3B_M_1_MKRN240023765-1A_22HGLTLT4_L2_1.fq.gz
Approx 25% complete for H3B_M_1_MKRN240023765-1A_22HGLTLT4_L2_1.fq.gz
Approx 30% complete for H3B_M_1_MKRN240023765-1A_22HGLTLT4_L2_1.fq.gz
Approx 35% complete for H3B_M_1_MKRN240023765-1A_22HGLTLT4_L2_1.fq.gz
Approx 40% complete for H3B_M_1_MKRN240023765-1A_22HGLTLT4_L2_1.fq.gz
Approx 45% complete for H3B_M_1_MKRN240023765-1A_22HGLTLT4_L2_1.fq.gz
Approx 50% complete for H3B_M_1_MKRN240023765-1A_22HGLTLT4_L2_1.fq.gz
Approx 55% complete for H3B_M_1_MKRN240023765-1A_22HGLTLT4_L2_1.fq.gz
Approx 60% complete for H3B_M_1_MKRN240023765-1A_22HGLTLT4_L2_1.fq.gz
Approx 65% complete for H3B_M_1_MKRN240023765-1A_22HGLTLT4_L2_1.fq.gz
Approx 70% complete for H3B_M_1_MKRN240023765-1A_22HGLTLT4_L2_1.fq.gz
Approx 75% complete for H3B_M_1_MKRN240023765-1A_22HGLTLT4_L2_1.fq.gz
Approx 80% complete for H3B_M_1_MKRN240023765-1A_22HGLTLT4_L2_1.fq.gz
Approx 85% complete for H3B_M_1_MKRN240023765-1A_22HGLTLT4_L2_1.fq.gz
Approx 90% complete for H3B_M_1_MKRN240023765-1A_22HGLTLT4_L2_1.fq.gz
Approx 95% complete for H3B_M_1_MKRN240023765-1A_22HGLTLT4_L2_1.fq.gz
Analysis complete for H3B_M_1_MKRN240023765-1A_22HGLTLT4_L2_1.fq.gz
application/x-gzip
Started analysis of H3B_M_1_MKRN240023765-1A_22HGLTLT4_L2_2.fq.gz
Approx 5% complete for H3B_M_1_MKRN240023765-1A_22HGLTLT4_L2_2.fq.gz
Approx 10% complete for H3B_M_1_MKRN240023765-1A_22HGLTLT4_L2_2.fq.gz
Approx 15% complete for H3B_M_1_MKRN240023765-1A_22HGLTLT4_L2_2.fq.gz
Approx 20% complete for H3B_M_1_MKRN240023765-1A_22HGLTLT4_L2_2.fq.gz
Approx 25% complete for H3B_M_1_MKRN240023765-1A_22HGLTLT4_L2_2.fq.gz
Approx 30% complete for H3B_M_1_MKRN240023765-1A_22HGLTLT4_L2_2.fq.gz
Approx 35% complete for H3B_M_1_MKRN240023765-1A_22HGLTLT4_L2_2.fq.gz
Approx 40% complete for H3B_M_1_MKRN240023765-1A_22HGLTLT4_L2_2.fq.gz
Approx 45% complete for H3B_M_1_MKRN240023765-1A_22HGLTLT4_L2_2.fq.gz
Approx 50% complete for H3B_M_1_MKRN240023765-1A_22HGLTLT4_L2_2.fq.gz
Approx 55% complete for H3B_M_1_MKRN240023765-1A_22HGLTLT4_L2_2.fq.gz
Approx 60% complete for H3B_M_1_MKRN240023765-1A_22HGLTLT4_L2_2.fq.gz
Approx 65% complete for H3B_M_1_MKRN240023765-1A_22HGLTLT4_L2_2.fq.gz
Approx 70% complete for H3B_M_1_MKRN240023765-1A_22HGLTLT4_L2_2.fq.gz
Approx 75% complete for H3B_M_1_MKRN240023765-1A_22HGLTLT4_L2_2.fq.gz
Approx 80% complete for H3B_M_1_MKRN240023765-1A_22HGLTLT4_L2_2.fq.gz
Approx 85% complete for H3B_M_1_MKRN240023765-1A_22HGLTLT4_L2_2.fq.gz
Approx 90% complete for H3B_M_1_MKRN240023765-1A_22HGLTLT4_L2_2.fq.gz
Approx 95% complete for H3B_M_1_MKRN240023765-1A_22HGLTLT4_L2_2.fq.gz
Analysis complete for H3B_M_1_MKRN240023765-1A_22HGLTLT4_L2_2.fq.gz
application/x-gzip
Started analysis of H3B_M_2_MKRN240023766-1A_22HGLTLT4_L1_1.fq.gz
Approx 5% complete for H3B_M_2_MKRN240023766-1A_22HGLTLT4_L1_1.fq.gz
Approx 10% complete for H3B_M_2_MKRN240023766-1A_22HGLTLT4_L1_1.fq.gz
Approx 15% complete for H3B_M_2_MKRN240023766-1A_22HGLTLT4_L1_1.fq.gz
Approx 20% complete for H3B_M_2_MKRN240023766-1A_22HGLTLT4_L1_1.fq.gz
Approx 25% complete for H3B_M_2_MKRN240023766-1A_22HGLTLT4_L1_1.fq.gz
Approx 30% complete for H3B_M_2_MKRN240023766-1A_22HGLTLT4_L1_1.fq.gz
Approx 35% complete for H3B_M_2_MKRN240023766-1A_22HGLTLT4_L1_1.fq.gz
Approx 40% complete for H3B_M_2_MKRN240023766-1A_22HGLTLT4_L1_1.fq.gz
Approx 45% complete for H3B_M_2_MKRN240023766-1A_22HGLTLT4_L1_1.fq.gz
Approx 50% complete for H3B_M_2_MKRN240023766-1A_22HGLTLT4_L1_1.fq.gz
Approx 55% complete for H3B_M_2_MKRN240023766-1A_22HGLTLT4_L1_1.fq.gz
Approx 60% complete for H3B_M_2_MKRN240023766-1A_22HGLTLT4_L1_1.fq.gz
Approx 65% complete for H3B_M_2_MKRN240023766-1A_22HGLTLT4_L1_1.fq.gz
Approx 70% complete for H3B_M_2_MKRN240023766-1A_22HGLTLT4_L1_1.fq.gz
Approx 75% complete for H3B_M_2_MKRN240023766-1A_22HGLTLT4_L1_1.fq.gz
Approx 80% complete for H3B_M_2_MKRN240023766-1A_22HGLTLT4_L1_1.fq.gz
Approx 85% complete for H3B_M_2_MKRN240023766-1A_22HGLTLT4_L1_1.fq.gz
Approx 90% complete for H3B_M_2_MKRN240023766-1A_22HGLTLT4_L1_1.fq.gz
Approx 95% complete for H3B_M_2_MKRN240023766-1A_22HGLTLT4_L1_1.fq.gz
Analysis complete for H3B_M_2_MKRN240023766-1A_22HGLTLT4_L1_1.fq.gz
application/x-gzip
Started analysis of H3B_M_2_MKRN240023766-1A_22HGLTLT4_L1_2.fq.gz
Approx 5% complete for H3B_M_2_MKRN240023766-1A_22HGLTLT4_L1_2.fq.gz
Approx 10% complete for H3B_M_2_MKRN240023766-1A_22HGLTLT4_L1_2.fq.gz
Approx 15% complete for H3B_M_2_MKRN240023766-1A_22HGLTLT4_L1_2.fq.gz
Approx 20% complete for H3B_M_2_MKRN240023766-1A_22HGLTLT4_L1_2.fq.gz
Approx 25% complete for H3B_M_2_MKRN240023766-1A_22HGLTLT4_L1_2.fq.gz
Approx 30% complete for H3B_M_2_MKRN240023766-1A_22HGLTLT4_L1_2.fq.gz
Approx 35% complete for H3B_M_2_MKRN240023766-1A_22HGLTLT4_L1_2.fq.gz
Approx 40% complete for H3B_M_2_MKRN240023766-1A_22HGLTLT4_L1_2.fq.gz
Approx 45% complete for H3B_M_2_MKRN240023766-1A_22HGLTLT4_L1_2.fq.gz
Approx 50% complete for H3B_M_2_MKRN240023766-1A_22HGLTLT4_L1_2.fq.gz
Approx 55% complete for H3B_M_2_MKRN240023766-1A_22HGLTLT4_L1_2.fq.gz
Approx 60% complete for H3B_M_2_MKRN240023766-1A_22HGLTLT4_L1_2.fq.gz
Approx 65% complete for H3B_M_2_MKRN240023766-1A_22HGLTLT4_L1_2.fq.gz
Approx 70% complete for H3B_M_2_MKRN240023766-1A_22HGLTLT4_L1_2.fq.gz
Approx 75% complete for H3B_M_2_MKRN240023766-1A_22HGLTLT4_L1_2.fq.gz
Approx 80% complete for H3B_M_2_MKRN240023766-1A_22HGLTLT4_L1_2.fq.gz
Approx 85% complete for H3B_M_2_MKRN240023766-1A_22HGLTLT4_L1_2.fq.gz
Approx 90% complete for H3B_M_2_MKRN240023766-1A_22HGLTLT4_L1_2.fq.gz
Approx 95% complete for H3B_M_2_MKRN240023766-1A_22HGLTLT4_L1_2.fq.gz
Analysis complete for H3B_M_2_MKRN240023766-1A_22HGLTLT4_L1_2.fq.gz
application/x-gzip
Started analysis of H3B_M_3_MKRN240023767-1A_22HGLTLT4_L4_1.fq.gz
Approx 5% complete for H3B_M_3_MKRN240023767-1A_22HGLTLT4_L4_1.fq.gz
Approx 10% complete for H3B_M_3_MKRN240023767-1A_22HGLTLT4_L4_1.fq.gz
Approx 15% complete for H3B_M_3_MKRN240023767-1A_22HGLTLT4_L4_1.fq.gz
Approx 20% complete for H3B_M_3_MKRN240023767-1A_22HGLTLT4_L4_1.fq.gz
Approx 25% complete for H3B_M_3_MKRN240023767-1A_22HGLTLT4_L4_1.fq.gz
Approx 30% complete for H3B_M_3_MKRN240023767-1A_22HGLTLT4_L4_1.fq.gz
Approx 35% complete for H3B_M_3_MKRN240023767-1A_22HGLTLT4_L4_1.fq.gz
Approx 40% complete for H3B_M_3_MKRN240023767-1A_22HGLTLT4_L4_1.fq.gz
Approx 45% complete for H3B_M_3_MKRN240023767-1A_22HGLTLT4_L4_1.fq.gz
Approx 50% complete for H3B_M_3_MKRN240023767-1A_22HGLTLT4_L4_1.fq.gz
Approx 55% complete for H3B_M_3_MKRN240023767-1A_22HGLTLT4_L4_1.fq.gz
Approx 60% complete for H3B_M_3_MKRN240023767-1A_22HGLTLT4_L4_1.fq.gz
Approx 65% complete for H3B_M_3_MKRN240023767-1A_22HGLTLT4_L4_1.fq.gz
Approx 70% complete for H3B_M_3_MKRN240023767-1A_22HGLTLT4_L4_1.fq.gz
Approx 75% complete for H3B_M_3_MKRN240023767-1A_22HGLTLT4_L4_1.fq.gz
Approx 80% complete for H3B_M_3_MKRN240023767-1A_22HGLTLT4_L4_1.fq.gz
Approx 85% complete for H3B_M_3_MKRN240023767-1A_22HGLTLT4_L4_1.fq.gz
Approx 90% complete for H3B_M_3_MKRN240023767-1A_22HGLTLT4_L4_1.fq.gz
Approx 95% complete for H3B_M_3_MKRN240023767-1A_22HGLTLT4_L4_1.fq.gz
Analysis complete for H3B_M_3_MKRN240023767-1A_22HGLTLT4_L4_1.fq.gz
application/x-gzip
Started analysis of H3B_M_3_MKRN240023767-1A_22HGLTLT4_L4_2.fq.gz
Approx 5% complete for H3B_M_3_MKRN240023767-1A_22HGLTLT4_L4_2.fq.gz
Approx 10% complete for H3B_M_3_MKRN240023767-1A_22HGLTLT4_L4_2.fq.gz
Approx 15% complete for H3B_M_3_MKRN240023767-1A_22HGLTLT4_L4_2.fq.gz
Approx 20% complete for H3B_M_3_MKRN240023767-1A_22HGLTLT4_L4_2.fq.gz
Approx 25% complete for H3B_M_3_MKRN240023767-1A_22HGLTLT4_L4_2.fq.gz
Approx 30% complete for H3B_M_3_MKRN240023767-1A_22HGLTLT4_L4_2.fq.gz
Approx 35% complete for H3B_M_3_MKRN240023767-1A_22HGLTLT4_L4_2.fq.gz
Approx 40% complete for H3B_M_3_MKRN240023767-1A_22HGLTLT4_L4_2.fq.gz
Approx 45% complete for H3B_M_3_MKRN240023767-1A_22HGLTLT4_L4_2.fq.gz
Approx 50% complete for H3B_M_3_MKRN240023767-1A_22HGLTLT4_L4_2.fq.gz
Approx 55% complete for H3B_M_3_MKRN240023767-1A_22HGLTLT4_L4_2.fq.gz
Approx 60% complete for H3B_M_3_MKRN240023767-1A_22HGLTLT4_L4_2.fq.gz
Approx 65% complete for H3B_M_3_MKRN240023767-1A_22HGLTLT4_L4_2.fq.gz
Approx 70% complete for H3B_M_3_MKRN240023767-1A_22HGLTLT4_L4_2.fq.gz
Approx 75% complete for H3B_M_3_MKRN240023767-1A_22HGLTLT4_L4_2.fq.gz
Approx 80% complete for H3B_M_3_MKRN240023767-1A_22HGLTLT4_L4_2.fq.gz
Approx 85% complete for H3B_M_3_MKRN240023767-1A_22HGLTLT4_L4_2.fq.gz
Approx 90% complete for H3B_M_3_MKRN240023767-1A_22HGLTLT4_L4_2.fq.gz
Approx 95% complete for H3B_M_3_MKRN240023767-1A_22HGLTLT4_L4_2.fq.gz
Analysis complete for H3B_M_3_MKRN240023767-1A_22HGLTLT4_L4_2.fq.gz
application/x-gzip
Started analysis of H3B_T_1_MKRN240023762-1A_22HGLTLT4_L2_1.fq.gz
Approx 5% complete for H3B_T_1_MKRN240023762-1A_22HGLTLT4_L2_1.fq.gz
Approx 10% complete for H3B_T_1_MKRN240023762-1A_22HGLTLT4_L2_1.fq.gz
Approx 15% complete for H3B_T_1_MKRN240023762-1A_22HGLTLT4_L2_1.fq.gz
Approx 20% complete for H3B_T_1_MKRN240023762-1A_22HGLTLT4_L2_1.fq.gz
Approx 25% complete for H3B_T_1_MKRN240023762-1A_22HGLTLT4_L2_1.fq.gz
Approx 30% complete for H3B_T_1_MKRN240023762-1A_22HGLTLT4_L2_1.fq.gz
Approx 35% complete for H3B_T_1_MKRN240023762-1A_22HGLTLT4_L2_1.fq.gz
Approx 40% complete for H3B_T_1_MKRN240023762-1A_22HGLTLT4_L2_1.fq.gz
Approx 45% complete for H3B_T_1_MKRN240023762-1A_22HGLTLT4_L2_1.fq.gz
Approx 50% complete for H3B_T_1_MKRN240023762-1A_22HGLTLT4_L2_1.fq.gz
Approx 55% complete for H3B_T_1_MKRN240023762-1A_22HGLTLT4_L2_1.fq.gz
Approx 60% complete for H3B_T_1_MKRN240023762-1A_22HGLTLT4_L2_1.fq.gz
Approx 65% complete for H3B_T_1_MKRN240023762-1A_22HGLTLT4_L2_1.fq.gz
Approx 70% complete for H3B_T_1_MKRN240023762-1A_22HGLTLT4_L2_1.fq.gz
Approx 75% complete for H3B_T_1_MKRN240023762-1A_22HGLTLT4_L2_1.fq.gz
Approx 80% complete for H3B_T_1_MKRN240023762-1A_22HGLTLT4_L2_1.fq.gz
Approx 85% complete for H3B_T_1_MKRN240023762-1A_22HGLTLT4_L2_1.fq.gz
Approx 90% complete for H3B_T_1_MKRN240023762-1A_22HGLTLT4_L2_1.fq.gz
Approx 95% complete for H3B_T_1_MKRN240023762-1A_22HGLTLT4_L2_1.fq.gz
Analysis complete for H3B_T_1_MKRN240023762-1A_22HGLTLT4_L2_1.fq.gz
application/x-gzip
Started analysis of H3B_T_1_MKRN240023762-1A_22HGLTLT4_L2_2.fq.gz
Approx 5% complete for H3B_T_1_MKRN240023762-1A_22HGLTLT4_L2_2.fq.gz
Approx 10% complete for H3B_T_1_MKRN240023762-1A_22HGLTLT4_L2_2.fq.gz
Approx 15% complete for H3B_T_1_MKRN240023762-1A_22HGLTLT4_L2_2.fq.gz
Approx 20% complete for H3B_T_1_MKRN240023762-1A_22HGLTLT4_L2_2.fq.gz
Approx 25% complete for H3B_T_1_MKRN240023762-1A_22HGLTLT4_L2_2.fq.gz
Approx 30% complete for H3B_T_1_MKRN240023762-1A_22HGLTLT4_L2_2.fq.gz
Approx 35% complete for H3B_T_1_MKRN240023762-1A_22HGLTLT4_L2_2.fq.gz
Approx 40% complete for H3B_T_1_MKRN240023762-1A_22HGLTLT4_L2_2.fq.gz
Approx 45% complete for H3B_T_1_MKRN240023762-1A_22HGLTLT4_L2_2.fq.gz
Approx 50% complete for H3B_T_1_MKRN240023762-1A_22HGLTLT4_L2_2.fq.gz
Approx 55% complete for H3B_T_1_MKRN240023762-1A_22HGLTLT4_L2_2.fq.gz
Approx 60% complete for H3B_T_1_MKRN240023762-1A_22HGLTLT4_L2_2.fq.gz
Approx 65% complete for H3B_T_1_MKRN240023762-1A_22HGLTLT4_L2_2.fq.gz
Approx 70% complete for H3B_T_1_MKRN240023762-1A_22HGLTLT4_L2_2.fq.gz
Approx 75% complete for H3B_T_1_MKRN240023762-1A_22HGLTLT4_L2_2.fq.gz
Approx 80% complete for H3B_T_1_MKRN240023762-1A_22HGLTLT4_L2_2.fq.gz
Approx 85% complete for H3B_T_1_MKRN240023762-1A_22HGLTLT4_L2_2.fq.gz
Approx 90% complete for H3B_T_1_MKRN240023762-1A_22HGLTLT4_L2_2.fq.gz
Approx 95% complete for H3B_T_1_MKRN240023762-1A_22HGLTLT4_L2_2.fq.gz
Analysis complete for H3B_T_1_MKRN240023762-1A_22HGLTLT4_L2_2.fq.gz
application/x-gzip
Started analysis of H3B_T_2_MKRN240023763-1A_22HGLTLT4_L4_1.fq.gz
Approx 5% complete for H3B_T_2_MKRN240023763-1A_22HGLTLT4_L4_1.fq.gz
Approx 10% complete for H3B_T_2_MKRN240023763-1A_22HGLTLT4_L4_1.fq.gz
Approx 15% complete for H3B_T_2_MKRN240023763-1A_22HGLTLT4_L4_1.fq.gz
Approx 20% complete for H3B_T_2_MKRN240023763-1A_22HGLTLT4_L4_1.fq.gz
Approx 25% complete for H3B_T_2_MKRN240023763-1A_22HGLTLT4_L4_1.fq.gz
Approx 30% complete for H3B_T_2_MKRN240023763-1A_22HGLTLT4_L4_1.fq.gz
Approx 35% complete for H3B_T_2_MKRN240023763-1A_22HGLTLT4_L4_1.fq.gz
Approx 40% complete for H3B_T_2_MKRN240023763-1A_22HGLTLT4_L4_1.fq.gz
Approx 45% complete for H3B_T_2_MKRN240023763-1A_22HGLTLT4_L4_1.fq.gz
Approx 50% complete for H3B_T_2_MKRN240023763-1A_22HGLTLT4_L4_1.fq.gz
Approx 55% complete for H3B_T_2_MKRN240023763-1A_22HGLTLT4_L4_1.fq.gz
Approx 60% complete for H3B_T_2_MKRN240023763-1A_22HGLTLT4_L4_1.fq.gz
Approx 65% complete for H3B_T_2_MKRN240023763-1A_22HGLTLT4_L4_1.fq.gz
Approx 70% complete for H3B_T_2_MKRN240023763-1A_22HGLTLT4_L4_1.fq.gz
Approx 75% complete for H3B_T_2_MKRN240023763-1A_22HGLTLT4_L4_1.fq.gz
Approx 80% complete for H3B_T_2_MKRN240023763-1A_22HGLTLT4_L4_1.fq.gz
Approx 85% complete for H3B_T_2_MKRN240023763-1A_22HGLTLT4_L4_1.fq.gz
Approx 90% complete for H3B_T_2_MKRN240023763-1A_22HGLTLT4_L4_1.fq.gz
Approx 95% complete for H3B_T_2_MKRN240023763-1A_22HGLTLT4_L4_1.fq.gz
Analysis complete for H3B_T_2_MKRN240023763-1A_22HGLTLT4_L4_1.fq.gz
application/x-gzip
Started analysis of H3B_T_2_MKRN240023763-1A_22HGLTLT4_L4_2.fq.gz
Approx 5% complete for H3B_T_2_MKRN240023763-1A_22HGLTLT4_L4_2.fq.gz
Approx 10% complete for H3B_T_2_MKRN240023763-1A_22HGLTLT4_L4_2.fq.gz
Approx 15% complete for H3B_T_2_MKRN240023763-1A_22HGLTLT4_L4_2.fq.gz
Approx 20% complete for H3B_T_2_MKRN240023763-1A_22HGLTLT4_L4_2.fq.gz
Approx 25% complete for H3B_T_2_MKRN240023763-1A_22HGLTLT4_L4_2.fq.gz
Approx 30% complete for H3B_T_2_MKRN240023763-1A_22HGLTLT4_L4_2.fq.gz
Approx 35% complete for H3B_T_2_MKRN240023763-1A_22HGLTLT4_L4_2.fq.gz
Approx 40% complete for H3B_T_2_MKRN240023763-1A_22HGLTLT4_L4_2.fq.gz
Approx 45% complete for H3B_T_2_MKRN240023763-1A_22HGLTLT4_L4_2.fq.gz
Approx 50% complete for H3B_T_2_MKRN240023763-1A_22HGLTLT4_L4_2.fq.gz
Approx 55% complete for H3B_T_2_MKRN240023763-1A_22HGLTLT4_L4_2.fq.gz
Approx 60% complete for H3B_T_2_MKRN240023763-1A_22HGLTLT4_L4_2.fq.gz
Approx 65% complete for H3B_T_2_MKRN240023763-1A_22HGLTLT4_L4_2.fq.gz
Approx 70% complete for H3B_T_2_MKRN240023763-1A_22HGLTLT4_L4_2.fq.gz
Approx 75% complete for H3B_T_2_MKRN240023763-1A_22HGLTLT4_L4_2.fq.gz
Approx 80% complete for H3B_T_2_MKRN240023763-1A_22HGLTLT4_L4_2.fq.gz
Approx 85% complete for H3B_T_2_MKRN240023763-1A_22HGLTLT4_L4_2.fq.gz
Approx 90% complete for H3B_T_2_MKRN240023763-1A_22HGLTLT4_L4_2.fq.gz
Approx 95% complete for H3B_T_2_MKRN240023763-1A_22HGLTLT4_L4_2.fq.gz
Analysis complete for H3B_T_2_MKRN240023763-1A_22HGLTLT4_L4_2.fq.gz
application/x-gzip
Started analysis of H3B_T_3_MKRN240023764-1A_22HGLTLT4_L4_1.fq.gz
Approx 5% complete for H3B_T_3_MKRN240023764-1A_22HGLTLT4_L4_1.fq.gz
Approx 10% complete for H3B_T_3_MKRN240023764-1A_22HGLTLT4_L4_1.fq.gz
Approx 15% complete for H3B_T_3_MKRN240023764-1A_22HGLTLT4_L4_1.fq.gz
Approx 20% complete for H3B_T_3_MKRN240023764-1A_22HGLTLT4_L4_1.fq.gz
Approx 25% complete for H3B_T_3_MKRN240023764-1A_22HGLTLT4_L4_1.fq.gz
Approx 30% complete for H3B_T_3_MKRN240023764-1A_22HGLTLT4_L4_1.fq.gz
Approx 35% complete for H3B_T_3_MKRN240023764-1A_22HGLTLT4_L4_1.fq.gz
Approx 40% complete for H3B_T_3_MKRN240023764-1A_22HGLTLT4_L4_1.fq.gz
Approx 45% complete for H3B_T_3_MKRN240023764-1A_22HGLTLT4_L4_1.fq.gz
Approx 50% complete for H3B_T_3_MKRN240023764-1A_22HGLTLT4_L4_1.fq.gz
Approx 55% complete for H3B_T_3_MKRN240023764-1A_22HGLTLT4_L4_1.fq.gz
Approx 60% complete for H3B_T_3_MKRN240023764-1A_22HGLTLT4_L4_1.fq.gz
Approx 65% complete for H3B_T_3_MKRN240023764-1A_22HGLTLT4_L4_1.fq.gz
Approx 70% complete for H3B_T_3_MKRN240023764-1A_22HGLTLT4_L4_1.fq.gz
Approx 75% complete for H3B_T_3_MKRN240023764-1A_22HGLTLT4_L4_1.fq.gz
Approx 80% complete for H3B_T_3_MKRN240023764-1A_22HGLTLT4_L4_1.fq.gz
Approx 85% complete for H3B_T_3_MKRN240023764-1A_22HGLTLT4_L4_1.fq.gz
Approx 90% complete for H3B_T_3_MKRN240023764-1A_22HGLTLT4_L4_1.fq.gz
Approx 95% complete for H3B_T_3_MKRN240023764-1A_22HGLTLT4_L4_1.fq.gz
Analysis complete for H3B_T_3_MKRN240023764-1A_22HGLTLT4_L4_1.fq.gz
application/x-gzip
Started analysis of H3B_T_3_MKRN240023764-1A_22HGLTLT4_L4_2.fq.gz
Approx 5% complete for H3B_T_3_MKRN240023764-1A_22HGLTLT4_L4_2.fq.gz
Approx 10% complete for H3B_T_3_MKRN240023764-1A_22HGLTLT4_L4_2.fq.gz
Approx 15% complete for H3B_T_3_MKRN240023764-1A_22HGLTLT4_L4_2.fq.gz
Approx 20% complete for H3B_T_3_MKRN240023764-1A_22HGLTLT4_L4_2.fq.gz
Approx 25% complete for H3B_T_3_MKRN240023764-1A_22HGLTLT4_L4_2.fq.gz
Approx 30% complete for H3B_T_3_MKRN240023764-1A_22HGLTLT4_L4_2.fq.gz
Approx 35% complete for H3B_T_3_MKRN240023764-1A_22HGLTLT4_L4_2.fq.gz
Approx 40% complete for H3B_T_3_MKRN240023764-1A_22HGLTLT4_L4_2.fq.gz
Approx 45% complete for H3B_T_3_MKRN240023764-1A_22HGLTLT4_L4_2.fq.gz
Approx 50% complete for H3B_T_3_MKRN240023764-1A_22HGLTLT4_L4_2.fq.gz
Approx 55% complete for H3B_T_3_MKRN240023764-1A_22HGLTLT4_L4_2.fq.gz
Approx 60% complete for H3B_T_3_MKRN240023764-1A_22HGLTLT4_L4_2.fq.gz
Approx 65% complete for H3B_T_3_MKRN240023764-1A_22HGLTLT4_L4_2.fq.gz
Approx 70% complete for H3B_T_3_MKRN240023764-1A_22HGLTLT4_L4_2.fq.gz
Approx 75% complete for H3B_T_3_MKRN240023764-1A_22HGLTLT4_L4_2.fq.gz
Approx 80% complete for H3B_T_3_MKRN240023764-1A_22HGLTLT4_L4_2.fq.gz
Approx 85% complete for H3B_T_3_MKRN240023764-1A_22HGLTLT4_L4_2.fq.gz
Approx 90% complete for H3B_T_3_MKRN240023764-1A_22HGLTLT4_L4_2.fq.gz
Approx 95% complete for H3B_T_3_MKRN240023764-1A_22HGLTLT4_L4_2.fq.gz
Analysis complete for H3B_T_3_MKRN240023764-1A_22HGLTLT4_L4_2.fq.gz
application/x-gzip
Started analysis of H3B_WT_1_MKRN240023759-1A_22HGLTLT4_L2_1.fq.gz
Approx 5% complete for H3B_WT_1_MKRN240023759-1A_22HGLTLT4_L2_1.fq.gz
Approx 10% complete for H3B_WT_1_MKRN240023759-1A_22HGLTLT4_L2_1.fq.gz
Approx 15% complete for H3B_WT_1_MKRN240023759-1A_22HGLTLT4_L2_1.fq.gz
Approx 20% complete for H3B_WT_1_MKRN240023759-1A_22HGLTLT4_L2_1.fq.gz
Approx 25% complete for H3B_WT_1_MKRN240023759-1A_22HGLTLT4_L2_1.fq.gz
Approx 30% complete for H3B_WT_1_MKRN240023759-1A_22HGLTLT4_L2_1.fq.gz
Approx 35% complete for H3B_WT_1_MKRN240023759-1A_22HGLTLT4_L2_1.fq.gz
Approx 40% complete for H3B_WT_1_MKRN240023759-1A_22HGLTLT4_L2_1.fq.gz
Approx 45% complete for H3B_WT_1_MKRN240023759-1A_22HGLTLT4_L2_1.fq.gz
Approx 50% complete for H3B_WT_1_MKRN240023759-1A_22HGLTLT4_L2_1.fq.gz
Approx 55% complete for H3B_WT_1_MKRN240023759-1A_22HGLTLT4_L2_1.fq.gz
Approx 60% complete for H3B_WT_1_MKRN240023759-1A_22HGLTLT4_L2_1.fq.gz
Approx 65% complete for H3B_WT_1_MKRN240023759-1A_22HGLTLT4_L2_1.fq.gz
Approx 70% complete for H3B_WT_1_MKRN240023759-1A_22HGLTLT4_L2_1.fq.gz
Approx 75% complete for H3B_WT_1_MKRN240023759-1A_22HGLTLT4_L2_1.fq.gz
Approx 80% complete for H3B_WT_1_MKRN240023759-1A_22HGLTLT4_L2_1.fq.gz
Approx 85% complete for H3B_WT_1_MKRN240023759-1A_22HGLTLT4_L2_1.fq.gz
Approx 90% complete for H3B_WT_1_MKRN240023759-1A_22HGLTLT4_L2_1.fq.gz
Approx 95% complete for H3B_WT_1_MKRN240023759-1A_22HGLTLT4_L2_1.fq.gz
Analysis complete for H3B_WT_1_MKRN240023759-1A_22HGLTLT4_L2_1.fq.gz
application/x-gzip
Started analysis of H3B_WT_1_MKRN240023759-1A_22HGLTLT4_L2_2.fq.gz
Approx 5% complete for H3B_WT_1_MKRN240023759-1A_22HGLTLT4_L2_2.fq.gz
Approx 10% complete for H3B_WT_1_MKRN240023759-1A_22HGLTLT4_L2_2.fq.gz
Approx 15% complete for H3B_WT_1_MKRN240023759-1A_22HGLTLT4_L2_2.fq.gz
Approx 20% complete for H3B_WT_1_MKRN240023759-1A_22HGLTLT4_L2_2.fq.gz
Approx 25% complete for H3B_WT_1_MKRN240023759-1A_22HGLTLT4_L2_2.fq.gz
Approx 30% complete for H3B_WT_1_MKRN240023759-1A_22HGLTLT4_L2_2.fq.gz
Approx 35% complete for H3B_WT_1_MKRN240023759-1A_22HGLTLT4_L2_2.fq.gz
Approx 40% complete for H3B_WT_1_MKRN240023759-1A_22HGLTLT4_L2_2.fq.gz
Approx 45% complete for H3B_WT_1_MKRN240023759-1A_22HGLTLT4_L2_2.fq.gz
Approx 50% complete for H3B_WT_1_MKRN240023759-1A_22HGLTLT4_L2_2.fq.gz
Approx 55% complete for H3B_WT_1_MKRN240023759-1A_22HGLTLT4_L2_2.fq.gz
Approx 60% complete for H3B_WT_1_MKRN240023759-1A_22HGLTLT4_L2_2.fq.gz
Approx 65% complete for H3B_WT_1_MKRN240023759-1A_22HGLTLT4_L2_2.fq.gz
Approx 70% complete for H3B_WT_1_MKRN240023759-1A_22HGLTLT4_L2_2.fq.gz
Approx 75% complete for H3B_WT_1_MKRN240023759-1A_22HGLTLT4_L2_2.fq.gz
Approx 80% complete for H3B_WT_1_MKRN240023759-1A_22HGLTLT4_L2_2.fq.gz
Approx 85% complete for H3B_WT_1_MKRN240023759-1A_22HGLTLT4_L2_2.fq.gz
Approx 90% complete for H3B_WT_1_MKRN240023759-1A_22HGLTLT4_L2_2.fq.gz
Approx 95% complete for H3B_WT_1_MKRN240023759-1A_22HGLTLT4_L2_2.fq.gz
Analysis complete for H3B_WT_1_MKRN240023759-1A_22HGLTLT4_L2_2.fq.gz
application/x-gzip
Started analysis of H3B_WT_2_MKRN240023760-1A_22HGLTLT4_L2_1.fq.gz
Approx 5% complete for H3B_WT_2_MKRN240023760-1A_22HGLTLT4_L2_1.fq.gz
Approx 10% complete for H3B_WT_2_MKRN240023760-1A_22HGLTLT4_L2_1.fq.gz
Approx 15% complete for H3B_WT_2_MKRN240023760-1A_22HGLTLT4_L2_1.fq.gz
Approx 20% complete for H3B_WT_2_MKRN240023760-1A_22HGLTLT4_L2_1.fq.gz
Approx 25% complete for H3B_WT_2_MKRN240023760-1A_22HGLTLT4_L2_1.fq.gz
Approx 30% complete for H3B_WT_2_MKRN240023760-1A_22HGLTLT4_L2_1.fq.gz
Approx 35% complete for H3B_WT_2_MKRN240023760-1A_22HGLTLT4_L2_1.fq.gz
Approx 40% complete for H3B_WT_2_MKRN240023760-1A_22HGLTLT4_L2_1.fq.gz
Approx 45% complete for H3B_WT_2_MKRN240023760-1A_22HGLTLT4_L2_1.fq.gz
Approx 50% complete for H3B_WT_2_MKRN240023760-1A_22HGLTLT4_L2_1.fq.gz
Approx 55% complete for H3B_WT_2_MKRN240023760-1A_22HGLTLT4_L2_1.fq.gz
Approx 60% complete for H3B_WT_2_MKRN240023760-1A_22HGLTLT4_L2_1.fq.gz
Approx 65% complete for H3B_WT_2_MKRN240023760-1A_22HGLTLT4_L2_1.fq.gz
Approx 70% complete for H3B_WT_2_MKRN240023760-1A_22HGLTLT4_L2_1.fq.gz
Approx 75% complete for H3B_WT_2_MKRN240023760-1A_22HGLTLT4_L2_1.fq.gz
Approx 80% complete for H3B_WT_2_MKRN240023760-1A_22HGLTLT4_L2_1.fq.gz
Approx 85% complete for H3B_WT_2_MKRN240023760-1A_22HGLTLT4_L2_1.fq.gz
Approx 90% complete for H3B_WT_2_MKRN240023760-1A_22HGLTLT4_L2_1.fq.gz
Approx 95% complete for H3B_WT_2_MKRN240023760-1A_22HGLTLT4_L2_1.fq.gz
Analysis complete for H3B_WT_2_MKRN240023760-1A_22HGLTLT4_L2_1.fq.gz
application/x-gzip
Started analysis of H3B_WT_2_MKRN240023760-1A_22HGLTLT4_L2_2.fq.gz
Approx 5% complete for H3B_WT_2_MKRN240023760-1A_22HGLTLT4_L2_2.fq.gz
Approx 10% complete for H3B_WT_2_MKRN240023760-1A_22HGLTLT4_L2_2.fq.gz
Approx 15% complete for H3B_WT_2_MKRN240023760-1A_22HGLTLT4_L2_2.fq.gz
Approx 20% complete for H3B_WT_2_MKRN240023760-1A_22HGLTLT4_L2_2.fq.gz
Approx 25% complete for H3B_WT_2_MKRN240023760-1A_22HGLTLT4_L2_2.fq.gz
Approx 30% complete for H3B_WT_2_MKRN240023760-1A_22HGLTLT4_L2_2.fq.gz
Approx 35% complete for H3B_WT_2_MKRN240023760-1A_22HGLTLT4_L2_2.fq.gz
Approx 40% complete for H3B_WT_2_MKRN240023760-1A_22HGLTLT4_L2_2.fq.gz
Approx 45% complete for H3B_WT_2_MKRN240023760-1A_22HGLTLT4_L2_2.fq.gz
Approx 50% complete for H3B_WT_2_MKRN240023760-1A_22HGLTLT4_L2_2.fq.gz
Approx 55% complete for H3B_WT_2_MKRN240023760-1A_22HGLTLT4_L2_2.fq.gz
Approx 60% complete for H3B_WT_2_MKRN240023760-1A_22HGLTLT4_L2_2.fq.gz
Approx 65% complete for H3B_WT_2_MKRN240023760-1A_22HGLTLT4_L2_2.fq.gz
Approx 70% complete for H3B_WT_2_MKRN240023760-1A_22HGLTLT4_L2_2.fq.gz
Approx 75% complete for H3B_WT_2_MKRN240023760-1A_22HGLTLT4_L2_2.fq.gz
Approx 80% complete for H3B_WT_2_MKRN240023760-1A_22HGLTLT4_L2_2.fq.gz
Approx 85% complete for H3B_WT_2_MKRN240023760-1A_22HGLTLT4_L2_2.fq.gz
Approx 90% complete for H3B_WT_2_MKRN240023760-1A_22HGLTLT4_L2_2.fq.gz
Approx 95% complete for H3B_WT_2_MKRN240023760-1A_22HGLTLT4_L2_2.fq.gz
Analysis complete for H3B_WT_2_MKRN240023760-1A_22HGLTLT4_L2_2.fq.gz
application/x-gzip
Started analysis of H3B_WT_3_MKRN240023761-1A_22HGLTLT4_L2_1.fq.gz
Approx 5% complete for H3B_WT_3_MKRN240023761-1A_22HGLTLT4_L2_1.fq.gz
Approx 10% complete for H3B_WT_3_MKRN240023761-1A_22HGLTLT4_L2_1.fq.gz
Approx 15% complete for H3B_WT_3_MKRN240023761-1A_22HGLTLT4_L2_1.fq.gz
Approx 20% complete for H3B_WT_3_MKRN240023761-1A_22HGLTLT4_L2_1.fq.gz
Approx 25% complete for H3B_WT_3_MKRN240023761-1A_22HGLTLT4_L2_1.fq.gz
Approx 30% complete for H3B_WT_3_MKRN240023761-1A_22HGLTLT4_L2_1.fq.gz
Approx 35% complete for H3B_WT_3_MKRN240023761-1A_22HGLTLT4_L2_1.fq.gz
Approx 40% complete for H3B_WT_3_MKRN240023761-1A_22HGLTLT4_L2_1.fq.gz
Approx 45% complete for H3B_WT_3_MKRN240023761-1A_22HGLTLT4_L2_1.fq.gz
Approx 50% complete for H3B_WT_3_MKRN240023761-1A_22HGLTLT4_L2_1.fq.gz
Approx 55% complete for H3B_WT_3_MKRN240023761-1A_22HGLTLT4_L2_1.fq.gz
Approx 60% complete for H3B_WT_3_MKRN240023761-1A_22HGLTLT4_L2_1.fq.gz
Approx 65% complete for H3B_WT_3_MKRN240023761-1A_22HGLTLT4_L2_1.fq.gz
Approx 70% complete for H3B_WT_3_MKRN240023761-1A_22HGLTLT4_L2_1.fq.gz
Approx 75% complete for H3B_WT_3_MKRN240023761-1A_22HGLTLT4_L2_1.fq.gz
Approx 80% complete for H3B_WT_3_MKRN240023761-1A_22HGLTLT4_L2_1.fq.gz
Approx 85% complete for H3B_WT_3_MKRN240023761-1A_22HGLTLT4_L2_1.fq.gz
Approx 90% complete for H3B_WT_3_MKRN240023761-1A_22HGLTLT4_L2_1.fq.gz
Approx 95% complete for H3B_WT_3_MKRN240023761-1A_22HGLTLT4_L2_1.fq.gz
Analysis complete for H3B_WT_3_MKRN240023761-1A_22HGLTLT4_L2_1.fq.gz
application/x-gzip
Started analysis of H3B_WT_3_MKRN240023761-1A_22HGLTLT4_L2_2.fq.gz
Approx 5% complete for H3B_WT_3_MKRN240023761-1A_22HGLTLT4_L2_2.fq.gz
Approx 10% complete for H3B_WT_3_MKRN240023761-1A_22HGLTLT4_L2_2.fq.gz
Approx 15% complete for H3B_WT_3_MKRN240023761-1A_22HGLTLT4_L2_2.fq.gz
Approx 20% complete for H3B_WT_3_MKRN240023761-1A_22HGLTLT4_L2_2.fq.gz
Approx 25% complete for H3B_WT_3_MKRN240023761-1A_22HGLTLT4_L2_2.fq.gz
Approx 30% complete for H3B_WT_3_MKRN240023761-1A_22HGLTLT4_L2_2.fq.gz
Approx 35% complete for H3B_WT_3_MKRN240023761-1A_22HGLTLT4_L2_2.fq.gz
Approx 40% complete for H3B_WT_3_MKRN240023761-1A_22HGLTLT4_L2_2.fq.gz
Approx 45% complete for H3B_WT_3_MKRN240023761-1A_22HGLTLT4_L2_2.fq.gz
Approx 50% complete for H3B_WT_3_MKRN240023761-1A_22HGLTLT4_L2_2.fq.gz
Approx 55% complete for H3B_WT_3_MKRN240023761-1A_22HGLTLT4_L2_2.fq.gz
Approx 60% complete for H3B_WT_3_MKRN240023761-1A_22HGLTLT4_L2_2.fq.gz
Approx 65% complete for H3B_WT_3_MKRN240023761-1A_22HGLTLT4_L2_2.fq.gz
Approx 70% complete for H3B_WT_3_MKRN240023761-1A_22HGLTLT4_L2_2.fq.gz
Approx 75% complete for H3B_WT_3_MKRN240023761-1A_22HGLTLT4_L2_2.fq.gz
Approx 80% complete for H3B_WT_3_MKRN240023761-1A_22HGLTLT4_L2_2.fq.gz
Approx 85% complete for H3B_WT_3_MKRN240023761-1A_22HGLTLT4_L2_2.fq.gz
Approx 90% complete for H3B_WT_3_MKRN240023761-1A_22HGLTLT4_L2_2.fq.gz
Approx 95% complete for H3B_WT_3_MKRN240023761-1A_22HGLTLT4_L2_2.fq.gz
Analysis complete for H3B_WT_3_MKRN240023761-1A_22HGLTLT4_L2_2.fq.gz
application/x-gzip
Started analysis of RIL_dKO_1_MKRN240023756-1A_22HGLTLT4_L1_1.fq.gz
Approx 5% complete for RIL_dKO_1_MKRN240023756-1A_22HGLTLT4_L1_1.fq.gz
Approx 10% complete for RIL_dKO_1_MKRN240023756-1A_22HGLTLT4_L1_1.fq.gz
Approx 15% complete for RIL_dKO_1_MKRN240023756-1A_22HGLTLT4_L1_1.fq.gz
Approx 20% complete for RIL_dKO_1_MKRN240023756-1A_22HGLTLT4_L1_1.fq.gz
Approx 25% complete for RIL_dKO_1_MKRN240023756-1A_22HGLTLT4_L1_1.fq.gz
Approx 30% complete for RIL_dKO_1_MKRN240023756-1A_22HGLTLT4_L1_1.fq.gz
Approx 35% complete for RIL_dKO_1_MKRN240023756-1A_22HGLTLT4_L1_1.fq.gz
Approx 40% complete for RIL_dKO_1_MKRN240023756-1A_22HGLTLT4_L1_1.fq.gz
Approx 45% complete for RIL_dKO_1_MKRN240023756-1A_22HGLTLT4_L1_1.fq.gz
Approx 50% complete for RIL_dKO_1_MKRN240023756-1A_22HGLTLT4_L1_1.fq.gz
Approx 55% complete for RIL_dKO_1_MKRN240023756-1A_22HGLTLT4_L1_1.fq.gz
Approx 60% complete for RIL_dKO_1_MKRN240023756-1A_22HGLTLT4_L1_1.fq.gz
Approx 65% complete for RIL_dKO_1_MKRN240023756-1A_22HGLTLT4_L1_1.fq.gz
Approx 70% complete for RIL_dKO_1_MKRN240023756-1A_22HGLTLT4_L1_1.fq.gz
Approx 75% complete for RIL_dKO_1_MKRN240023756-1A_22HGLTLT4_L1_1.fq.gz
Approx 80% complete for RIL_dKO_1_MKRN240023756-1A_22HGLTLT4_L1_1.fq.gz
Approx 85% complete for RIL_dKO_1_MKRN240023756-1A_22HGLTLT4_L1_1.fq.gz
Approx 90% complete for RIL_dKO_1_MKRN240023756-1A_22HGLTLT4_L1_1.fq.gz
Approx 95% complete for RIL_dKO_1_MKRN240023756-1A_22HGLTLT4_L1_1.fq.gz
Analysis complete for RIL_dKO_1_MKRN240023756-1A_22HGLTLT4_L1_1.fq.gz
application/x-gzip
Started analysis of RIL_dKO_1_MKRN240023756-1A_22HGLTLT4_L1_2.fq.gz
Approx 5% complete for RIL_dKO_1_MKRN240023756-1A_22HGLTLT4_L1_2.fq.gz
Approx 10% complete for RIL_dKO_1_MKRN240023756-1A_22HGLTLT4_L1_2.fq.gz
Approx 15% complete for RIL_dKO_1_MKRN240023756-1A_22HGLTLT4_L1_2.fq.gz
Approx 20% complete for RIL_dKO_1_MKRN240023756-1A_22HGLTLT4_L1_2.fq.gz
Approx 25% complete for RIL_dKO_1_MKRN240023756-1A_22HGLTLT4_L1_2.fq.gz
Approx 30% complete for RIL_dKO_1_MKRN240023756-1A_22HGLTLT4_L1_2.fq.gz
Approx 35% complete for RIL_dKO_1_MKRN240023756-1A_22HGLTLT4_L1_2.fq.gz
Approx 40% complete for RIL_dKO_1_MKRN240023756-1A_22HGLTLT4_L1_2.fq.gz
Approx 45% complete for RIL_dKO_1_MKRN240023756-1A_22HGLTLT4_L1_2.fq.gz
Approx 50% complete for RIL_dKO_1_MKRN240023756-1A_22HGLTLT4_L1_2.fq.gz
Approx 55% complete for RIL_dKO_1_MKRN240023756-1A_22HGLTLT4_L1_2.fq.gz
Approx 60% complete for RIL_dKO_1_MKRN240023756-1A_22HGLTLT4_L1_2.fq.gz
Approx 65% complete for RIL_dKO_1_MKRN240023756-1A_22HGLTLT4_L1_2.fq.gz
Approx 70% complete for RIL_dKO_1_MKRN240023756-1A_22HGLTLT4_L1_2.fq.gz
Approx 75% complete for RIL_dKO_1_MKRN240023756-1A_22HGLTLT4_L1_2.fq.gz
Approx 80% complete for RIL_dKO_1_MKRN240023756-1A_22HGLTLT4_L1_2.fq.gz
Approx 85% complete for RIL_dKO_1_MKRN240023756-1A_22HGLTLT4_L1_2.fq.gz
Approx 90% complete for RIL_dKO_1_MKRN240023756-1A_22HGLTLT4_L1_2.fq.gz
Approx 95% complete for RIL_dKO_1_MKRN240023756-1A_22HGLTLT4_L1_2.fq.gz
Analysis complete for RIL_dKO_1_MKRN240023756-1A_22HGLTLT4_L1_2.fq.gz
application/x-gzip
Started analysis of RIL_dKO_2_MKRN240023757-1A_22HGLTLT4_L1_1.fq.gz
Approx 5% complete for RIL_dKO_2_MKRN240023757-1A_22HGLTLT4_L1_1.fq.gz
Approx 10% complete for RIL_dKO_2_MKRN240023757-1A_22HGLTLT4_L1_1.fq.gz
Approx 15% complete for RIL_dKO_2_MKRN240023757-1A_22HGLTLT4_L1_1.fq.gz
Approx 20% complete for RIL_dKO_2_MKRN240023757-1A_22HGLTLT4_L1_1.fq.gz
Approx 25% complete for RIL_dKO_2_MKRN240023757-1A_22HGLTLT4_L1_1.fq.gz
Approx 30% complete for RIL_dKO_2_MKRN240023757-1A_22HGLTLT4_L1_1.fq.gz
Approx 35% complete for RIL_dKO_2_MKRN240023757-1A_22HGLTLT4_L1_1.fq.gz
Approx 40% complete for RIL_dKO_2_MKRN240023757-1A_22HGLTLT4_L1_1.fq.gz
Approx 45% complete for RIL_dKO_2_MKRN240023757-1A_22HGLTLT4_L1_1.fq.gz
Approx 50% complete for RIL_dKO_2_MKRN240023757-1A_22HGLTLT4_L1_1.fq.gz
Approx 55% complete for RIL_dKO_2_MKRN240023757-1A_22HGLTLT4_L1_1.fq.gz
Approx 60% complete for RIL_dKO_2_MKRN240023757-1A_22HGLTLT4_L1_1.fq.gz
Approx 65% complete for RIL_dKO_2_MKRN240023757-1A_22HGLTLT4_L1_1.fq.gz
Approx 70% complete for RIL_dKO_2_MKRN240023757-1A_22HGLTLT4_L1_1.fq.gz
Approx 75% complete for RIL_dKO_2_MKRN240023757-1A_22HGLTLT4_L1_1.fq.gz
Approx 80% complete for RIL_dKO_2_MKRN240023757-1A_22HGLTLT4_L1_1.fq.gz
Approx 85% complete for RIL_dKO_2_MKRN240023757-1A_22HGLTLT4_L1_1.fq.gz
Approx 90% complete for RIL_dKO_2_MKRN240023757-1A_22HGLTLT4_L1_1.fq.gz
Approx 95% complete for RIL_dKO_2_MKRN240023757-1A_22HGLTLT4_L1_1.fq.gz
Analysis complete for RIL_dKO_2_MKRN240023757-1A_22HGLTLT4_L1_1.fq.gz
application/x-gzip
Started analysis of RIL_dKO_2_MKRN240023757-1A_22HGLTLT4_L1_2.fq.gz
Approx 5% complete for RIL_dKO_2_MKRN240023757-1A_22HGLTLT4_L1_2.fq.gz
Approx 10% complete for RIL_dKO_2_MKRN240023757-1A_22HGLTLT4_L1_2.fq.gz
Approx 15% complete for RIL_dKO_2_MKRN240023757-1A_22HGLTLT4_L1_2.fq.gz
Approx 20% complete for RIL_dKO_2_MKRN240023757-1A_22HGLTLT4_L1_2.fq.gz
Approx 25% complete for RIL_dKO_2_MKRN240023757-1A_22HGLTLT4_L1_2.fq.gz
Approx 30% complete for RIL_dKO_2_MKRN240023757-1A_22HGLTLT4_L1_2.fq.gz
Approx 35% complete for RIL_dKO_2_MKRN240023757-1A_22HGLTLT4_L1_2.fq.gz
Approx 40% complete for RIL_dKO_2_MKRN240023757-1A_22HGLTLT4_L1_2.fq.gz
Approx 45% complete for RIL_dKO_2_MKRN240023757-1A_22HGLTLT4_L1_2.fq.gz
Approx 50% complete for RIL_dKO_2_MKRN240023757-1A_22HGLTLT4_L1_2.fq.gz
Approx 55% complete for RIL_dKO_2_MKRN240023757-1A_22HGLTLT4_L1_2.fq.gz
Approx 60% complete for RIL_dKO_2_MKRN240023757-1A_22HGLTLT4_L1_2.fq.gz
Approx 65% complete for RIL_dKO_2_MKRN240023757-1A_22HGLTLT4_L1_2.fq.gz
Approx 70% complete for RIL_dKO_2_MKRN240023757-1A_22HGLTLT4_L1_2.fq.gz
Approx 75% complete for RIL_dKO_2_MKRN240023757-1A_22HGLTLT4_L1_2.fq.gz
Approx 80% complete for RIL_dKO_2_MKRN240023757-1A_22HGLTLT4_L1_2.fq.gz
Approx 85% complete for RIL_dKO_2_MKRN240023757-1A_22HGLTLT4_L1_2.fq.gz
Approx 90% complete for RIL_dKO_2_MKRN240023757-1A_22HGLTLT4_L1_2.fq.gz
Approx 95% complete for RIL_dKO_2_MKRN240023757-1A_22HGLTLT4_L1_2.fq.gz
Analysis complete for RIL_dKO_2_MKRN240023757-1A_22HGLTLT4_L1_2.fq.gz
application/x-gzip
Started analysis of RIL_dKO_3_MKRN240023758-1A_22HGLTLT4_L2_1.fq.gz
Approx 5% complete for RIL_dKO_3_MKRN240023758-1A_22HGLTLT4_L2_1.fq.gz
Approx 10% complete for RIL_dKO_3_MKRN240023758-1A_22HGLTLT4_L2_1.fq.gz
Approx 15% complete for RIL_dKO_3_MKRN240023758-1A_22HGLTLT4_L2_1.fq.gz
Approx 20% complete for RIL_dKO_3_MKRN240023758-1A_22HGLTLT4_L2_1.fq.gz
Approx 25% complete for RIL_dKO_3_MKRN240023758-1A_22HGLTLT4_L2_1.fq.gz
Approx 30% complete for RIL_dKO_3_MKRN240023758-1A_22HGLTLT4_L2_1.fq.gz
Approx 35% complete for RIL_dKO_3_MKRN240023758-1A_22HGLTLT4_L2_1.fq.gz
Approx 40% complete for RIL_dKO_3_MKRN240023758-1A_22HGLTLT4_L2_1.fq.gz
Approx 45% complete for RIL_dKO_3_MKRN240023758-1A_22HGLTLT4_L2_1.fq.gz
Approx 50% complete for RIL_dKO_3_MKRN240023758-1A_22HGLTLT4_L2_1.fq.gz
Approx 55% complete for RIL_dKO_3_MKRN240023758-1A_22HGLTLT4_L2_1.fq.gz
Approx 60% complete for RIL_dKO_3_MKRN240023758-1A_22HGLTLT4_L2_1.fq.gz
Approx 65% complete for RIL_dKO_3_MKRN240023758-1A_22HGLTLT4_L2_1.fq.gz
Approx 70% complete for RIL_dKO_3_MKRN240023758-1A_22HGLTLT4_L2_1.fq.gz
Approx 75% complete for RIL_dKO_3_MKRN240023758-1A_22HGLTLT4_L2_1.fq.gz
Approx 80% complete for RIL_dKO_3_MKRN240023758-1A_22HGLTLT4_L2_1.fq.gz
Approx 85% complete for RIL_dKO_3_MKRN240023758-1A_22HGLTLT4_L2_1.fq.gz
Approx 90% complete for RIL_dKO_3_MKRN240023758-1A_22HGLTLT4_L2_1.fq.gz
Approx 95% complete for RIL_dKO_3_MKRN240023758-1A_22HGLTLT4_L2_1.fq.gz
Analysis complete for RIL_dKO_3_MKRN240023758-1A_22HGLTLT4_L2_1.fq.gz
application/x-gzip
Started analysis of RIL_dKO_3_MKRN240023758-1A_22HGLTLT4_L2_2.fq.gz
Approx 5% complete for RIL_dKO_3_MKRN240023758-1A_22HGLTLT4_L2_2.fq.gz
Approx 10% complete for RIL_dKO_3_MKRN240023758-1A_22HGLTLT4_L2_2.fq.gz
Approx 15% complete for RIL_dKO_3_MKRN240023758-1A_22HGLTLT4_L2_2.fq.gz
Approx 20% complete for RIL_dKO_3_MKRN240023758-1A_22HGLTLT4_L2_2.fq.gz
Approx 25% complete for RIL_dKO_3_MKRN240023758-1A_22HGLTLT4_L2_2.fq.gz
Approx 30% complete for RIL_dKO_3_MKRN240023758-1A_22HGLTLT4_L2_2.fq.gz
Approx 35% complete for RIL_dKO_3_MKRN240023758-1A_22HGLTLT4_L2_2.fq.gz
Approx 40% complete for RIL_dKO_3_MKRN240023758-1A_22HGLTLT4_L2_2.fq.gz
Approx 45% complete for RIL_dKO_3_MKRN240023758-1A_22HGLTLT4_L2_2.fq.gz
Approx 50% complete for RIL_dKO_3_MKRN240023758-1A_22HGLTLT4_L2_2.fq.gz
Approx 55% complete for RIL_dKO_3_MKRN240023758-1A_22HGLTLT4_L2_2.fq.gz
Approx 60% complete for RIL_dKO_3_MKRN240023758-1A_22HGLTLT4_L2_2.fq.gz
Approx 65% complete for RIL_dKO_3_MKRN240023758-1A_22HGLTLT4_L2_2.fq.gz
Approx 70% complete for RIL_dKO_3_MKRN240023758-1A_22HGLTLT4_L2_2.fq.gz
Approx 75% complete for RIL_dKO_3_MKRN240023758-1A_22HGLTLT4_L2_2.fq.gz
Approx 80% complete for RIL_dKO_3_MKRN240023758-1A_22HGLTLT4_L2_2.fq.gz
Approx 85% complete for RIL_dKO_3_MKRN240023758-1A_22HGLTLT4_L2_2.fq.gz
Approx 90% complete for RIL_dKO_3_MKRN240023758-1A_22HGLTLT4_L2_2.fq.gz
Approx 95% complete for RIL_dKO_3_MKRN240023758-1A_22HGLTLT4_L2_2.fq.gz
Analysis complete for RIL_dKO_3_MKRN240023758-1A_22HGLTLT4_L2_2.fq.gz
application/x-gzip
Started analysis of RIL_M_1_MKRN240023753-1A_22HGGMLT4_L7_1.fq.gz
Approx 5% complete for RIL_M_1_MKRN240023753-1A_22HGGMLT4_L7_1.fq.gz
Approx 10% complete for RIL_M_1_MKRN240023753-1A_22HGGMLT4_L7_1.fq.gz
Approx 15% complete for RIL_M_1_MKRN240023753-1A_22HGGMLT4_L7_1.fq.gz
Approx 20% complete for RIL_M_1_MKRN240023753-1A_22HGGMLT4_L7_1.fq.gz
Approx 25% complete for RIL_M_1_MKRN240023753-1A_22HGGMLT4_L7_1.fq.gz
Approx 30% complete for RIL_M_1_MKRN240023753-1A_22HGGMLT4_L7_1.fq.gz
Approx 35% complete for RIL_M_1_MKRN240023753-1A_22HGGMLT4_L7_1.fq.gz
Approx 40% complete for RIL_M_1_MKRN240023753-1A_22HGGMLT4_L7_1.fq.gz
Approx 45% complete for RIL_M_1_MKRN240023753-1A_22HGGMLT4_L7_1.fq.gz
Approx 50% complete for RIL_M_1_MKRN240023753-1A_22HGGMLT4_L7_1.fq.gz
Approx 55% complete for RIL_M_1_MKRN240023753-1A_22HGGMLT4_L7_1.fq.gz
Approx 60% complete for RIL_M_1_MKRN240023753-1A_22HGGMLT4_L7_1.fq.gz
Approx 65% complete for RIL_M_1_MKRN240023753-1A_22HGGMLT4_L7_1.fq.gz
Approx 70% complete for RIL_M_1_MKRN240023753-1A_22HGGMLT4_L7_1.fq.gz
Approx 75% complete for RIL_M_1_MKRN240023753-1A_22HGGMLT4_L7_1.fq.gz
Approx 80% complete for RIL_M_1_MKRN240023753-1A_22HGGMLT4_L7_1.fq.gz
Approx 85% complete for RIL_M_1_MKRN240023753-1A_22HGGMLT4_L7_1.fq.gz
Approx 90% complete for RIL_M_1_MKRN240023753-1A_22HGGMLT4_L7_1.fq.gz
Approx 95% complete for RIL_M_1_MKRN240023753-1A_22HGGMLT4_L7_1.fq.gz
Analysis complete for RIL_M_1_MKRN240023753-1A_22HGGMLT4_L7_1.fq.gz
application/x-gzip
Started analysis of RIL_M_1_MKRN240023753-1A_22HGGMLT4_L7_2.fq.gz
Approx 5% complete for RIL_M_1_MKRN240023753-1A_22HGGMLT4_L7_2.fq.gz
Approx 10% complete for RIL_M_1_MKRN240023753-1A_22HGGMLT4_L7_2.fq.gz
Approx 15% complete for RIL_M_1_MKRN240023753-1A_22HGGMLT4_L7_2.fq.gz
Approx 20% complete for RIL_M_1_MKRN240023753-1A_22HGGMLT4_L7_2.fq.gz
Approx 25% complete for RIL_M_1_MKRN240023753-1A_22HGGMLT4_L7_2.fq.gz
Approx 30% complete for RIL_M_1_MKRN240023753-1A_22HGGMLT4_L7_2.fq.gz
Approx 35% complete for RIL_M_1_MKRN240023753-1A_22HGGMLT4_L7_2.fq.gz
Approx 40% complete for RIL_M_1_MKRN240023753-1A_22HGGMLT4_L7_2.fq.gz
Approx 45% complete for RIL_M_1_MKRN240023753-1A_22HGGMLT4_L7_2.fq.gz
Approx 50% complete for RIL_M_1_MKRN240023753-1A_22HGGMLT4_L7_2.fq.gz
Approx 55% complete for RIL_M_1_MKRN240023753-1A_22HGGMLT4_L7_2.fq.gz
Approx 60% complete for RIL_M_1_MKRN240023753-1A_22HGGMLT4_L7_2.fq.gz
Approx 65% complete for RIL_M_1_MKRN240023753-1A_22HGGMLT4_L7_2.fq.gz
Approx 70% complete for RIL_M_1_MKRN240023753-1A_22HGGMLT4_L7_2.fq.gz
Approx 75% complete for RIL_M_1_MKRN240023753-1A_22HGGMLT4_L7_2.fq.gz
Approx 80% complete for RIL_M_1_MKRN240023753-1A_22HGGMLT4_L7_2.fq.gz
Approx 85% complete for RIL_M_1_MKRN240023753-1A_22HGGMLT4_L7_2.fq.gz
Approx 90% complete for RIL_M_1_MKRN240023753-1A_22HGGMLT4_L7_2.fq.gz
Approx 95% complete for RIL_M_1_MKRN240023753-1A_22HGGMLT4_L7_2.fq.gz
Analysis complete for RIL_M_1_MKRN240023753-1A_22HGGMLT4_L7_2.fq.gz
application/x-gzip
Started analysis of RIL_M_1_MKRN240023753-1A_22HGLTLT4_L1_1.fq.gz
Approx 5% complete for RIL_M_1_MKRN240023753-1A_22HGLTLT4_L1_1.fq.gz
Approx 10% complete for RIL_M_1_MKRN240023753-1A_22HGLTLT4_L1_1.fq.gz
Approx 15% complete for RIL_M_1_MKRN240023753-1A_22HGLTLT4_L1_1.fq.gz
Approx 20% complete for RIL_M_1_MKRN240023753-1A_22HGLTLT4_L1_1.fq.gz
Approx 25% complete for RIL_M_1_MKRN240023753-1A_22HGLTLT4_L1_1.fq.gz
Approx 30% complete for RIL_M_1_MKRN240023753-1A_22HGLTLT4_L1_1.fq.gz
Approx 35% complete for RIL_M_1_MKRN240023753-1A_22HGLTLT4_L1_1.fq.gz
Approx 40% complete for RIL_M_1_MKRN240023753-1A_22HGLTLT4_L1_1.fq.gz
Approx 45% complete for RIL_M_1_MKRN240023753-1A_22HGLTLT4_L1_1.fq.gz
Approx 50% complete for RIL_M_1_MKRN240023753-1A_22HGLTLT4_L1_1.fq.gz
Approx 55% complete for RIL_M_1_MKRN240023753-1A_22HGLTLT4_L1_1.fq.gz
Approx 60% complete for RIL_M_1_MKRN240023753-1A_22HGLTLT4_L1_1.fq.gz
Approx 65% complete for RIL_M_1_MKRN240023753-1A_22HGLTLT4_L1_1.fq.gz
Approx 70% complete for RIL_M_1_MKRN240023753-1A_22HGLTLT4_L1_1.fq.gz
Approx 75% complete for RIL_M_1_MKRN240023753-1A_22HGLTLT4_L1_1.fq.gz
Approx 80% complete for RIL_M_1_MKRN240023753-1A_22HGLTLT4_L1_1.fq.gz
Approx 85% complete for RIL_M_1_MKRN240023753-1A_22HGLTLT4_L1_1.fq.gz
Approx 90% complete for RIL_M_1_MKRN240023753-1A_22HGLTLT4_L1_1.fq.gz
Approx 95% complete for RIL_M_1_MKRN240023753-1A_22HGLTLT4_L1_1.fq.gz
Analysis complete for RIL_M_1_MKRN240023753-1A_22HGLTLT4_L1_1.fq.gz
application/x-gzip
Started analysis of RIL_M_1_MKRN240023753-1A_22HGLTLT4_L1_2.fq.gz
Approx 5% complete for RIL_M_1_MKRN240023753-1A_22HGLTLT4_L1_2.fq.gz
Approx 10% complete for RIL_M_1_MKRN240023753-1A_22HGLTLT4_L1_2.fq.gz
Approx 15% complete for RIL_M_1_MKRN240023753-1A_22HGLTLT4_L1_2.fq.gz
Approx 20% complete for RIL_M_1_MKRN240023753-1A_22HGLTLT4_L1_2.fq.gz
Approx 25% complete for RIL_M_1_MKRN240023753-1A_22HGLTLT4_L1_2.fq.gz
Approx 30% complete for RIL_M_1_MKRN240023753-1A_22HGLTLT4_L1_2.fq.gz
Approx 35% complete for RIL_M_1_MKRN240023753-1A_22HGLTLT4_L1_2.fq.gz
Approx 40% complete for RIL_M_1_MKRN240023753-1A_22HGLTLT4_L1_2.fq.gz
Approx 45% complete for RIL_M_1_MKRN240023753-1A_22HGLTLT4_L1_2.fq.gz
Approx 50% complete for RIL_M_1_MKRN240023753-1A_22HGLTLT4_L1_2.fq.gz
Approx 55% complete for RIL_M_1_MKRN240023753-1A_22HGLTLT4_L1_2.fq.gz
Approx 60% complete for RIL_M_1_MKRN240023753-1A_22HGLTLT4_L1_2.fq.gz
Approx 65% complete for RIL_M_1_MKRN240023753-1A_22HGLTLT4_L1_2.fq.gz
Approx 70% complete for RIL_M_1_MKRN240023753-1A_22HGLTLT4_L1_2.fq.gz
Approx 75% complete for RIL_M_1_MKRN240023753-1A_22HGLTLT4_L1_2.fq.gz
Approx 80% complete for RIL_M_1_MKRN240023753-1A_22HGLTLT4_L1_2.fq.gz
Approx 85% complete for RIL_M_1_MKRN240023753-1A_22HGLTLT4_L1_2.fq.gz
Approx 90% complete for RIL_M_1_MKRN240023753-1A_22HGLTLT4_L1_2.fq.gz
Approx 95% complete for RIL_M_1_MKRN240023753-1A_22HGLTLT4_L1_2.fq.gz
Analysis complete for RIL_M_1_MKRN240023753-1A_22HGLTLT4_L1_2.fq.gz
application/x-gzip
Started analysis of RIL_M_2_MKRN240023754-1A_22HGLTLT4_L2_1.fq.gz
Approx 5% complete for RIL_M_2_MKRN240023754-1A_22HGLTLT4_L2_1.fq.gz
Approx 10% complete for RIL_M_2_MKRN240023754-1A_22HGLTLT4_L2_1.fq.gz
Approx 15% complete for RIL_M_2_MKRN240023754-1A_22HGLTLT4_L2_1.fq.gz
Approx 20% complete for RIL_M_2_MKRN240023754-1A_22HGLTLT4_L2_1.fq.gz
Approx 25% complete for RIL_M_2_MKRN240023754-1A_22HGLTLT4_L2_1.fq.gz
Approx 30% complete for RIL_M_2_MKRN240023754-1A_22HGLTLT4_L2_1.fq.gz
Approx 35% complete for RIL_M_2_MKRN240023754-1A_22HGLTLT4_L2_1.fq.gz
Approx 40% complete for RIL_M_2_MKRN240023754-1A_22HGLTLT4_L2_1.fq.gz
Approx 45% complete for RIL_M_2_MKRN240023754-1A_22HGLTLT4_L2_1.fq.gz
Approx 50% complete for RIL_M_2_MKRN240023754-1A_22HGLTLT4_L2_1.fq.gz
Approx 55% complete for RIL_M_2_MKRN240023754-1A_22HGLTLT4_L2_1.fq.gz
Approx 60% complete for RIL_M_2_MKRN240023754-1A_22HGLTLT4_L2_1.fq.gz
Approx 65% complete for RIL_M_2_MKRN240023754-1A_22HGLTLT4_L2_1.fq.gz
Approx 70% complete for RIL_M_2_MKRN240023754-1A_22HGLTLT4_L2_1.fq.gz
Approx 75% complete for RIL_M_2_MKRN240023754-1A_22HGLTLT4_L2_1.fq.gz
Approx 80% complete for RIL_M_2_MKRN240023754-1A_22HGLTLT4_L2_1.fq.gz
Approx 85% complete for RIL_M_2_MKRN240023754-1A_22HGLTLT4_L2_1.fq.gz
Approx 90% complete for RIL_M_2_MKRN240023754-1A_22HGLTLT4_L2_1.fq.gz
Approx 95% complete for RIL_M_2_MKRN240023754-1A_22HGLTLT4_L2_1.fq.gz
Analysis complete for RIL_M_2_MKRN240023754-1A_22HGLTLT4_L2_1.fq.gz
application/x-gzip
Started analysis of RIL_M_2_MKRN240023754-1A_22HGLTLT4_L2_2.fq.gz
Approx 5% complete for RIL_M_2_MKRN240023754-1A_22HGLTLT4_L2_2.fq.gz
Approx 10% complete for RIL_M_2_MKRN240023754-1A_22HGLTLT4_L2_2.fq.gz
Approx 15% complete for RIL_M_2_MKRN240023754-1A_22HGLTLT4_L2_2.fq.gz
Approx 20% complete for RIL_M_2_MKRN240023754-1A_22HGLTLT4_L2_2.fq.gz
Approx 25% complete for RIL_M_2_MKRN240023754-1A_22HGLTLT4_L2_2.fq.gz
Approx 30% complete for RIL_M_2_MKRN240023754-1A_22HGLTLT4_L2_2.fq.gz
Approx 35% complete for RIL_M_2_MKRN240023754-1A_22HGLTLT4_L2_2.fq.gz
Approx 40% complete for RIL_M_2_MKRN240023754-1A_22HGLTLT4_L2_2.fq.gz
Approx 45% complete for RIL_M_2_MKRN240023754-1A_22HGLTLT4_L2_2.fq.gz
Approx 50% complete for RIL_M_2_MKRN240023754-1A_22HGLTLT4_L2_2.fq.gz
Approx 55% complete for RIL_M_2_MKRN240023754-1A_22HGLTLT4_L2_2.fq.gz
Approx 60% complete for RIL_M_2_MKRN240023754-1A_22HGLTLT4_L2_2.fq.gz
Approx 65% complete for RIL_M_2_MKRN240023754-1A_22HGLTLT4_L2_2.fq.gz
Approx 70% complete for RIL_M_2_MKRN240023754-1A_22HGLTLT4_L2_2.fq.gz
Approx 75% complete for RIL_M_2_MKRN240023754-1A_22HGLTLT4_L2_2.fq.gz
Approx 80% complete for RIL_M_2_MKRN240023754-1A_22HGLTLT4_L2_2.fq.gz
Approx 85% complete for RIL_M_2_MKRN240023754-1A_22HGLTLT4_L2_2.fq.gz
Approx 90% complete for RIL_M_2_MKRN240023754-1A_22HGLTLT4_L2_2.fq.gz
Approx 95% complete for RIL_M_2_MKRN240023754-1A_22HGLTLT4_L2_2.fq.gz
Analysis complete for RIL_M_2_MKRN240023754-1A_22HGLTLT4_L2_2.fq.gz
application/x-gzip
Started analysis of RIL_M_3_MKRN240023755-1A_22HGLTLT4_L5_1.fq.gz
Approx 5% complete for RIL_M_3_MKRN240023755-1A_22HGLTLT4_L5_1.fq.gz
Approx 10% complete for RIL_M_3_MKRN240023755-1A_22HGLTLT4_L5_1.fq.gz
Approx 15% complete for RIL_M_3_MKRN240023755-1A_22HGLTLT4_L5_1.fq.gz
Approx 20% complete for RIL_M_3_MKRN240023755-1A_22HGLTLT4_L5_1.fq.gz
Approx 25% complete for RIL_M_3_MKRN240023755-1A_22HGLTLT4_L5_1.fq.gz
Approx 30% complete for RIL_M_3_MKRN240023755-1A_22HGLTLT4_L5_1.fq.gz
Approx 35% complete for RIL_M_3_MKRN240023755-1A_22HGLTLT4_L5_1.fq.gz
Approx 40% complete for RIL_M_3_MKRN240023755-1A_22HGLTLT4_L5_1.fq.gz
Approx 45% complete for RIL_M_3_MKRN240023755-1A_22HGLTLT4_L5_1.fq.gz
Approx 50% complete for RIL_M_3_MKRN240023755-1A_22HGLTLT4_L5_1.fq.gz
Approx 55% complete for RIL_M_3_MKRN240023755-1A_22HGLTLT4_L5_1.fq.gz
Approx 60% complete for RIL_M_3_MKRN240023755-1A_22HGLTLT4_L5_1.fq.gz
Approx 65% complete for RIL_M_3_MKRN240023755-1A_22HGLTLT4_L5_1.fq.gz
Approx 70% complete for RIL_M_3_MKRN240023755-1A_22HGLTLT4_L5_1.fq.gz
Approx 75% complete for RIL_M_3_MKRN240023755-1A_22HGLTLT4_L5_1.fq.gz
Approx 80% complete for RIL_M_3_MKRN240023755-1A_22HGLTLT4_L5_1.fq.gz
Approx 85% complete for RIL_M_3_MKRN240023755-1A_22HGLTLT4_L5_1.fq.gz
Approx 90% complete for RIL_M_3_MKRN240023755-1A_22HGLTLT4_L5_1.fq.gz
Approx 95% complete for RIL_M_3_MKRN240023755-1A_22HGLTLT4_L5_1.fq.gz
Analysis complete for RIL_M_3_MKRN240023755-1A_22HGLTLT4_L5_1.fq.gz
application/x-gzip
Started analysis of RIL_M_3_MKRN240023755-1A_22HGLTLT4_L5_2.fq.gz
Approx 5% complete for RIL_M_3_MKRN240023755-1A_22HGLTLT4_L5_2.fq.gz
Approx 10% complete for RIL_M_3_MKRN240023755-1A_22HGLTLT4_L5_2.fq.gz
Approx 15% complete for RIL_M_3_MKRN240023755-1A_22HGLTLT4_L5_2.fq.gz
Approx 20% complete for RIL_M_3_MKRN240023755-1A_22HGLTLT4_L5_2.fq.gz
Approx 25% complete for RIL_M_3_MKRN240023755-1A_22HGLTLT4_L5_2.fq.gz
Approx 30% complete for RIL_M_3_MKRN240023755-1A_22HGLTLT4_L5_2.fq.gz
Approx 35% complete for RIL_M_3_MKRN240023755-1A_22HGLTLT4_L5_2.fq.gz
Approx 40% complete for RIL_M_3_MKRN240023755-1A_22HGLTLT4_L5_2.fq.gz
Approx 45% complete for RIL_M_3_MKRN240023755-1A_22HGLTLT4_L5_2.fq.gz
Approx 50% complete for RIL_M_3_MKRN240023755-1A_22HGLTLT4_L5_2.fq.gz
Approx 55% complete for RIL_M_3_MKRN240023755-1A_22HGLTLT4_L5_2.fq.gz
Approx 60% complete for RIL_M_3_MKRN240023755-1A_22HGLTLT4_L5_2.fq.gz
Approx 65% complete for RIL_M_3_MKRN240023755-1A_22HGLTLT4_L5_2.fq.gz
Approx 70% complete for RIL_M_3_MKRN240023755-1A_22HGLTLT4_L5_2.fq.gz
Approx 75% complete for RIL_M_3_MKRN240023755-1A_22HGLTLT4_L5_2.fq.gz
Approx 80% complete for RIL_M_3_MKRN240023755-1A_22HGLTLT4_L5_2.fq.gz
Approx 85% complete for RIL_M_3_MKRN240023755-1A_22HGLTLT4_L5_2.fq.gz
Approx 90% complete for RIL_M_3_MKRN240023755-1A_22HGLTLT4_L5_2.fq.gz
Approx 95% complete for RIL_M_3_MKRN240023755-1A_22HGLTLT4_L5_2.fq.gz
Analysis complete for RIL_M_3_MKRN240023755-1A_22HGLTLT4_L5_2.fq.gz
application/x-gzip
Started analysis of RIL_T_1_MKRN240023750-1A_22HGLTLT4_L3_1.fq.gz
Approx 5% complete for RIL_T_1_MKRN240023750-1A_22HGLTLT4_L3_1.fq.gz
Approx 10% complete for RIL_T_1_MKRN240023750-1A_22HGLTLT4_L3_1.fq.gz
Approx 15% complete for RIL_T_1_MKRN240023750-1A_22HGLTLT4_L3_1.fq.gz
Approx 20% complete for RIL_T_1_MKRN240023750-1A_22HGLTLT4_L3_1.fq.gz
Approx 25% complete for RIL_T_1_MKRN240023750-1A_22HGLTLT4_L3_1.fq.gz
Approx 30% complete for RIL_T_1_MKRN240023750-1A_22HGLTLT4_L3_1.fq.gz
Approx 35% complete for RIL_T_1_MKRN240023750-1A_22HGLTLT4_L3_1.fq.gz
Approx 40% complete for RIL_T_1_MKRN240023750-1A_22HGLTLT4_L3_1.fq.gz
Approx 45% complete for RIL_T_1_MKRN240023750-1A_22HGLTLT4_L3_1.fq.gz
Approx 50% complete for RIL_T_1_MKRN240023750-1A_22HGLTLT4_L3_1.fq.gz
Approx 55% complete for RIL_T_1_MKRN240023750-1A_22HGLTLT4_L3_1.fq.gz
Approx 60% complete for RIL_T_1_MKRN240023750-1A_22HGLTLT4_L3_1.fq.gz
Approx 65% complete for RIL_T_1_MKRN240023750-1A_22HGLTLT4_L3_1.fq.gz
Approx 70% complete for RIL_T_1_MKRN240023750-1A_22HGLTLT4_L3_1.fq.gz
Approx 75% complete for RIL_T_1_MKRN240023750-1A_22HGLTLT4_L3_1.fq.gz
Approx 80% complete for RIL_T_1_MKRN240023750-1A_22HGLTLT4_L3_1.fq.gz
Approx 85% complete for RIL_T_1_MKRN240023750-1A_22HGLTLT4_L3_1.fq.gz
Approx 90% complete for RIL_T_1_MKRN240023750-1A_22HGLTLT4_L3_1.fq.gz
Approx 95% complete for RIL_T_1_MKRN240023750-1A_22HGLTLT4_L3_1.fq.gz
Analysis complete for RIL_T_1_MKRN240023750-1A_22HGLTLT4_L3_1.fq.gz
application/x-gzip
Started analysis of RIL_T_1_MKRN240023750-1A_22HGLTLT4_L3_2.fq.gz
Approx 5% complete for RIL_T_1_MKRN240023750-1A_22HGLTLT4_L3_2.fq.gz
Approx 10% complete for RIL_T_1_MKRN240023750-1A_22HGLTLT4_L3_2.fq.gz
Approx 15% complete for RIL_T_1_MKRN240023750-1A_22HGLTLT4_L3_2.fq.gz
Approx 20% complete for RIL_T_1_MKRN240023750-1A_22HGLTLT4_L3_2.fq.gz
Approx 25% complete for RIL_T_1_MKRN240023750-1A_22HGLTLT4_L3_2.fq.gz
Approx 30% complete for RIL_T_1_MKRN240023750-1A_22HGLTLT4_L3_2.fq.gz
Approx 35% complete for RIL_T_1_MKRN240023750-1A_22HGLTLT4_L3_2.fq.gz
Approx 40% complete for RIL_T_1_MKRN240023750-1A_22HGLTLT4_L3_2.fq.gz
Approx 45% complete for RIL_T_1_MKRN240023750-1A_22HGLTLT4_L3_2.fq.gz
Approx 50% complete for RIL_T_1_MKRN240023750-1A_22HGLTLT4_L3_2.fq.gz
Approx 55% complete for RIL_T_1_MKRN240023750-1A_22HGLTLT4_L3_2.fq.gz
Approx 60% complete for RIL_T_1_MKRN240023750-1A_22HGLTLT4_L3_2.fq.gz
Approx 65% complete for RIL_T_1_MKRN240023750-1A_22HGLTLT4_L3_2.fq.gz
Approx 70% complete for RIL_T_1_MKRN240023750-1A_22HGLTLT4_L3_2.fq.gz
Approx 75% complete for RIL_T_1_MKRN240023750-1A_22HGLTLT4_L3_2.fq.gz
Approx 80% complete for RIL_T_1_MKRN240023750-1A_22HGLTLT4_L3_2.fq.gz
Approx 85% complete for RIL_T_1_MKRN240023750-1A_22HGLTLT4_L3_2.fq.gz
Approx 90% complete for RIL_T_1_MKRN240023750-1A_22HGLTLT4_L3_2.fq.gz
Approx 95% complete for RIL_T_1_MKRN240023750-1A_22HGLTLT4_L3_2.fq.gz
Analysis complete for RIL_T_1_MKRN240023750-1A_22HGLTLT4_L3_2.fq.gz
application/x-gzip
Started analysis of RIL_T_2_MKRN240023751-1A_22HGLTLT4_L1_1.fq.gz
Approx 5% complete for RIL_T_2_MKRN240023751-1A_22HGLTLT4_L1_1.fq.gz
Approx 10% complete for RIL_T_2_MKRN240023751-1A_22HGLTLT4_L1_1.fq.gz
Approx 15% complete for RIL_T_2_MKRN240023751-1A_22HGLTLT4_L1_1.fq.gz
Approx 20% complete for RIL_T_2_MKRN240023751-1A_22HGLTLT4_L1_1.fq.gz
Approx 25% complete for RIL_T_2_MKRN240023751-1A_22HGLTLT4_L1_1.fq.gz
Approx 30% complete for RIL_T_2_MKRN240023751-1A_22HGLTLT4_L1_1.fq.gz
Approx 35% complete for RIL_T_2_MKRN240023751-1A_22HGLTLT4_L1_1.fq.gz
Approx 40% complete for RIL_T_2_MKRN240023751-1A_22HGLTLT4_L1_1.fq.gz
Approx 45% complete for RIL_T_2_MKRN240023751-1A_22HGLTLT4_L1_1.fq.gz
Approx 50% complete for RIL_T_2_MKRN240023751-1A_22HGLTLT4_L1_1.fq.gz
Approx 55% complete for RIL_T_2_MKRN240023751-1A_22HGLTLT4_L1_1.fq.gz
Approx 60% complete for RIL_T_2_MKRN240023751-1A_22HGLTLT4_L1_1.fq.gz
Approx 65% complete for RIL_T_2_MKRN240023751-1A_22HGLTLT4_L1_1.fq.gz
Approx 70% complete for RIL_T_2_MKRN240023751-1A_22HGLTLT4_L1_1.fq.gz
Approx 75% complete for RIL_T_2_MKRN240023751-1A_22HGLTLT4_L1_1.fq.gz
Approx 80% complete for RIL_T_2_MKRN240023751-1A_22HGLTLT4_L1_1.fq.gz
Approx 85% complete for RIL_T_2_MKRN240023751-1A_22HGLTLT4_L1_1.fq.gz
Approx 90% complete for RIL_T_2_MKRN240023751-1A_22HGLTLT4_L1_1.fq.gz
Approx 95% complete for RIL_T_2_MKRN240023751-1A_22HGLTLT4_L1_1.fq.gz
Analysis complete for RIL_T_2_MKRN240023751-1A_22HGLTLT4_L1_1.fq.gz
application/x-gzip
Started analysis of RIL_T_2_MKRN240023751-1A_22HGLTLT4_L1_2.fq.gz
Approx 5% complete for RIL_T_2_MKRN240023751-1A_22HGLTLT4_L1_2.fq.gz
Approx 10% complete for RIL_T_2_MKRN240023751-1A_22HGLTLT4_L1_2.fq.gz
Approx 15% complete for RIL_T_2_MKRN240023751-1A_22HGLTLT4_L1_2.fq.gz
Approx 20% complete for RIL_T_2_MKRN240023751-1A_22HGLTLT4_L1_2.fq.gz
Approx 25% complete for RIL_T_2_MKRN240023751-1A_22HGLTLT4_L1_2.fq.gz
Approx 30% complete for RIL_T_2_MKRN240023751-1A_22HGLTLT4_L1_2.fq.gz
Approx 35% complete for RIL_T_2_MKRN240023751-1A_22HGLTLT4_L1_2.fq.gz
Approx 40% complete for RIL_T_2_MKRN240023751-1A_22HGLTLT4_L1_2.fq.gz
Approx 45% complete for RIL_T_2_MKRN240023751-1A_22HGLTLT4_L1_2.fq.gz
Approx 50% complete for RIL_T_2_MKRN240023751-1A_22HGLTLT4_L1_2.fq.gz
Approx 55% complete for RIL_T_2_MKRN240023751-1A_22HGLTLT4_L1_2.fq.gz
Approx 60% complete for RIL_T_2_MKRN240023751-1A_22HGLTLT4_L1_2.fq.gz
Approx 65% complete for RIL_T_2_MKRN240023751-1A_22HGLTLT4_L1_2.fq.gz
Approx 70% complete for RIL_T_2_MKRN240023751-1A_22HGLTLT4_L1_2.fq.gz
Approx 75% complete for RIL_T_2_MKRN240023751-1A_22HGLTLT4_L1_2.fq.gz
Approx 80% complete for RIL_T_2_MKRN240023751-1A_22HGLTLT4_L1_2.fq.gz
Approx 85% complete for RIL_T_2_MKRN240023751-1A_22HGLTLT4_L1_2.fq.gz
Approx 90% complete for RIL_T_2_MKRN240023751-1A_22HGLTLT4_L1_2.fq.gz
Approx 95% complete for RIL_T_2_MKRN240023751-1A_22HGLTLT4_L1_2.fq.gz
Analysis complete for RIL_T_2_MKRN240023751-1A_22HGLTLT4_L1_2.fq.gz
application/x-gzip
Started analysis of RIL_T_3_MKRN240023752-1A_22HGLTLT4_L1_1.fq.gz
Approx 5% complete for RIL_T_3_MKRN240023752-1A_22HGLTLT4_L1_1.fq.gz
Approx 10% complete for RIL_T_3_MKRN240023752-1A_22HGLTLT4_L1_1.fq.gz
Approx 15% complete for RIL_T_3_MKRN240023752-1A_22HGLTLT4_L1_1.fq.gz
Approx 20% complete for RIL_T_3_MKRN240023752-1A_22HGLTLT4_L1_1.fq.gz
Approx 25% complete for RIL_T_3_MKRN240023752-1A_22HGLTLT4_L1_1.fq.gz
Approx 30% complete for RIL_T_3_MKRN240023752-1A_22HGLTLT4_L1_1.fq.gz
Approx 35% complete for RIL_T_3_MKRN240023752-1A_22HGLTLT4_L1_1.fq.gz
Approx 40% complete for RIL_T_3_MKRN240023752-1A_22HGLTLT4_L1_1.fq.gz
Approx 45% complete for RIL_T_3_MKRN240023752-1A_22HGLTLT4_L1_1.fq.gz
Approx 50% complete for RIL_T_3_MKRN240023752-1A_22HGLTLT4_L1_1.fq.gz
Approx 55% complete for RIL_T_3_MKRN240023752-1A_22HGLTLT4_L1_1.fq.gz
Approx 60% complete for RIL_T_3_MKRN240023752-1A_22HGLTLT4_L1_1.fq.gz
Approx 65% complete for RIL_T_3_MKRN240023752-1A_22HGLTLT4_L1_1.fq.gz
Approx 70% complete for RIL_T_3_MKRN240023752-1A_22HGLTLT4_L1_1.fq.gz
Approx 75% complete for RIL_T_3_MKRN240023752-1A_22HGLTLT4_L1_1.fq.gz
Approx 80% complete for RIL_T_3_MKRN240023752-1A_22HGLTLT4_L1_1.fq.gz
Approx 85% complete for RIL_T_3_MKRN240023752-1A_22HGLTLT4_L1_1.fq.gz
Approx 90% complete for RIL_T_3_MKRN240023752-1A_22HGLTLT4_L1_1.fq.gz
Approx 95% complete for RIL_T_3_MKRN240023752-1A_22HGLTLT4_L1_1.fq.gz
Analysis complete for RIL_T_3_MKRN240023752-1A_22HGLTLT4_L1_1.fq.gz
application/x-gzip
Started analysis of RIL_T_3_MKRN240023752-1A_22HGLTLT4_L1_2.fq.gz
Approx 5% complete for RIL_T_3_MKRN240023752-1A_22HGLTLT4_L1_2.fq.gz
Approx 10% complete for RIL_T_3_MKRN240023752-1A_22HGLTLT4_L1_2.fq.gz
Approx 15% complete for RIL_T_3_MKRN240023752-1A_22HGLTLT4_L1_2.fq.gz
Approx 20% complete for RIL_T_3_MKRN240023752-1A_22HGLTLT4_L1_2.fq.gz
Approx 25% complete for RIL_T_3_MKRN240023752-1A_22HGLTLT4_L1_2.fq.gz
Approx 30% complete for RIL_T_3_MKRN240023752-1A_22HGLTLT4_L1_2.fq.gz
Approx 35% complete for RIL_T_3_MKRN240023752-1A_22HGLTLT4_L1_2.fq.gz
Approx 40% complete for RIL_T_3_MKRN240023752-1A_22HGLTLT4_L1_2.fq.gz
Approx 45% complete for RIL_T_3_MKRN240023752-1A_22HGLTLT4_L1_2.fq.gz
Approx 50% complete for RIL_T_3_MKRN240023752-1A_22HGLTLT4_L1_2.fq.gz
Approx 55% complete for RIL_T_3_MKRN240023752-1A_22HGLTLT4_L1_2.fq.gz
Approx 60% complete for RIL_T_3_MKRN240023752-1A_22HGLTLT4_L1_2.fq.gz
Approx 65% complete for RIL_T_3_MKRN240023752-1A_22HGLTLT4_L1_2.fq.gz
Approx 70% complete for RIL_T_3_MKRN240023752-1A_22HGLTLT4_L1_2.fq.gz
Approx 75% complete for RIL_T_3_MKRN240023752-1A_22HGLTLT4_L1_2.fq.gz
Approx 80% complete for RIL_T_3_MKRN240023752-1A_22HGLTLT4_L1_2.fq.gz
Approx 85% complete for RIL_T_3_MKRN240023752-1A_22HGLTLT4_L1_2.fq.gz
Approx 90% complete for RIL_T_3_MKRN240023752-1A_22HGLTLT4_L1_2.fq.gz
Approx 95% complete for RIL_T_3_MKRN240023752-1A_22HGLTLT4_L1_2.fq.gz
Analysis complete for RIL_T_3_MKRN240023752-1A_22HGLTLT4_L1_2.fq.gz
application/x-gzip
Started analysis of RIL_WT_1_MKRN240023747-1A_22HGLTLT4_L1_1.fq.gz
Approx 5% complete for RIL_WT_1_MKRN240023747-1A_22HGLTLT4_L1_1.fq.gz
Approx 10% complete for RIL_WT_1_MKRN240023747-1A_22HGLTLT4_L1_1.fq.gz
Approx 15% complete for RIL_WT_1_MKRN240023747-1A_22HGLTLT4_L1_1.fq.gz
Approx 20% complete for RIL_WT_1_MKRN240023747-1A_22HGLTLT4_L1_1.fq.gz
Approx 25% complete for RIL_WT_1_MKRN240023747-1A_22HGLTLT4_L1_1.fq.gz
Approx 30% complete for RIL_WT_1_MKRN240023747-1A_22HGLTLT4_L1_1.fq.gz
Approx 35% complete for RIL_WT_1_MKRN240023747-1A_22HGLTLT4_L1_1.fq.gz
Approx 40% complete for RIL_WT_1_MKRN240023747-1A_22HGLTLT4_L1_1.fq.gz
Approx 45% complete for RIL_WT_1_MKRN240023747-1A_22HGLTLT4_L1_1.fq.gz
Approx 50% complete for RIL_WT_1_MKRN240023747-1A_22HGLTLT4_L1_1.fq.gz
Approx 55% complete for RIL_WT_1_MKRN240023747-1A_22HGLTLT4_L1_1.fq.gz
Approx 60% complete for RIL_WT_1_MKRN240023747-1A_22HGLTLT4_L1_1.fq.gz
Approx 65% complete for RIL_WT_1_MKRN240023747-1A_22HGLTLT4_L1_1.fq.gz
Approx 70% complete for RIL_WT_1_MKRN240023747-1A_22HGLTLT4_L1_1.fq.gz
Approx 75% complete for RIL_WT_1_MKRN240023747-1A_22HGLTLT4_L1_1.fq.gz
Approx 80% complete for RIL_WT_1_MKRN240023747-1A_22HGLTLT4_L1_1.fq.gz
Approx 85% complete for RIL_WT_1_MKRN240023747-1A_22HGLTLT4_L1_1.fq.gz
Approx 90% complete for RIL_WT_1_MKRN240023747-1A_22HGLTLT4_L1_1.fq.gz
Approx 95% complete for RIL_WT_1_MKRN240023747-1A_22HGLTLT4_L1_1.fq.gz
Analysis complete for RIL_WT_1_MKRN240023747-1A_22HGLTLT4_L1_1.fq.gz
application/x-gzip
Started analysis of RIL_WT_1_MKRN240023747-1A_22HGLTLT4_L1_2.fq.gz
Approx 5% complete for RIL_WT_1_MKRN240023747-1A_22HGLTLT4_L1_2.fq.gz
Approx 10% complete for RIL_WT_1_MKRN240023747-1A_22HGLTLT4_L1_2.fq.gz
Approx 15% complete for RIL_WT_1_MKRN240023747-1A_22HGLTLT4_L1_2.fq.gz
Approx 20% complete for RIL_WT_1_MKRN240023747-1A_22HGLTLT4_L1_2.fq.gz
Approx 25% complete for RIL_WT_1_MKRN240023747-1A_22HGLTLT4_L1_2.fq.gz
Approx 30% complete for RIL_WT_1_MKRN240023747-1A_22HGLTLT4_L1_2.fq.gz
Approx 35% complete for RIL_WT_1_MKRN240023747-1A_22HGLTLT4_L1_2.fq.gz
Approx 40% complete for RIL_WT_1_MKRN240023747-1A_22HGLTLT4_L1_2.fq.gz
Approx 45% complete for RIL_WT_1_MKRN240023747-1A_22HGLTLT4_L1_2.fq.gz
Approx 50% complete for RIL_WT_1_MKRN240023747-1A_22HGLTLT4_L1_2.fq.gz
Approx 55% complete for RIL_WT_1_MKRN240023747-1A_22HGLTLT4_L1_2.fq.gz
Approx 60% complete for RIL_WT_1_MKRN240023747-1A_22HGLTLT4_L1_2.fq.gz
Approx 65% complete for RIL_WT_1_MKRN240023747-1A_22HGLTLT4_L1_2.fq.gz
Approx 70% complete for RIL_WT_1_MKRN240023747-1A_22HGLTLT4_L1_2.fq.gz
Approx 75% complete for RIL_WT_1_MKRN240023747-1A_22HGLTLT4_L1_2.fq.gz
Approx 80% complete for RIL_WT_1_MKRN240023747-1A_22HGLTLT4_L1_2.fq.gz
Approx 85% complete for RIL_WT_1_MKRN240023747-1A_22HGLTLT4_L1_2.fq.gz
Approx 90% complete for RIL_WT_1_MKRN240023747-1A_22HGLTLT4_L1_2.fq.gz
Approx 95% complete for RIL_WT_1_MKRN240023747-1A_22HGLTLT4_L1_2.fq.gz
Analysis complete for RIL_WT_1_MKRN240023747-1A_22HGLTLT4_L1_2.fq.gz
application/x-gzip
Started analysis of RIL_WT_2_MKRN240023748-1A_22HGLTLT4_L1_1.fq.gz
Approx 5% complete for RIL_WT_2_MKRN240023748-1A_22HGLTLT4_L1_1.fq.gz
Approx 10% complete for RIL_WT_2_MKRN240023748-1A_22HGLTLT4_L1_1.fq.gz
Approx 15% complete for RIL_WT_2_MKRN240023748-1A_22HGLTLT4_L1_1.fq.gz
Approx 20% complete for RIL_WT_2_MKRN240023748-1A_22HGLTLT4_L1_1.fq.gz
Approx 25% complete for RIL_WT_2_MKRN240023748-1A_22HGLTLT4_L1_1.fq.gz
Approx 30% complete for RIL_WT_2_MKRN240023748-1A_22HGLTLT4_L1_1.fq.gz
Approx 35% complete for RIL_WT_2_MKRN240023748-1A_22HGLTLT4_L1_1.fq.gz
Approx 40% complete for RIL_WT_2_MKRN240023748-1A_22HGLTLT4_L1_1.fq.gz
Approx 45% complete for RIL_WT_2_MKRN240023748-1A_22HGLTLT4_L1_1.fq.gz
Approx 50% complete for RIL_WT_2_MKRN240023748-1A_22HGLTLT4_L1_1.fq.gz
Approx 55% complete for RIL_WT_2_MKRN240023748-1A_22HGLTLT4_L1_1.fq.gz
Approx 60% complete for RIL_WT_2_MKRN240023748-1A_22HGLTLT4_L1_1.fq.gz
Approx 65% complete for RIL_WT_2_MKRN240023748-1A_22HGLTLT4_L1_1.fq.gz
Approx 70% complete for RIL_WT_2_MKRN240023748-1A_22HGLTLT4_L1_1.fq.gz
Approx 75% complete for RIL_WT_2_MKRN240023748-1A_22HGLTLT4_L1_1.fq.gz
Approx 80% complete for RIL_WT_2_MKRN240023748-1A_22HGLTLT4_L1_1.fq.gz
Approx 85% complete for RIL_WT_2_MKRN240023748-1A_22HGLTLT4_L1_1.fq.gz
Approx 90% complete for RIL_WT_2_MKRN240023748-1A_22HGLTLT4_L1_1.fq.gz
Approx 95% complete for RIL_WT_2_MKRN240023748-1A_22HGLTLT4_L1_1.fq.gz
Analysis complete for RIL_WT_2_MKRN240023748-1A_22HGLTLT4_L1_1.fq.gz
application/x-gzip
Started analysis of RIL_WT_2_MKRN240023748-1A_22HGLTLT4_L1_2.fq.gz
Approx 5% complete for RIL_WT_2_MKRN240023748-1A_22HGLTLT4_L1_2.fq.gz
Approx 10% complete for RIL_WT_2_MKRN240023748-1A_22HGLTLT4_L1_2.fq.gz
Approx 15% complete for RIL_WT_2_MKRN240023748-1A_22HGLTLT4_L1_2.fq.gz
Approx 20% complete for RIL_WT_2_MKRN240023748-1A_22HGLTLT4_L1_2.fq.gz
Approx 25% complete for RIL_WT_2_MKRN240023748-1A_22HGLTLT4_L1_2.fq.gz
Approx 30% complete for RIL_WT_2_MKRN240023748-1A_22HGLTLT4_L1_2.fq.gz
Approx 35% complete for RIL_WT_2_MKRN240023748-1A_22HGLTLT4_L1_2.fq.gz
Approx 40% complete for RIL_WT_2_MKRN240023748-1A_22HGLTLT4_L1_2.fq.gz
Approx 45% complete for RIL_WT_2_MKRN240023748-1A_22HGLTLT4_L1_2.fq.gz
Approx 50% complete for RIL_WT_2_MKRN240023748-1A_22HGLTLT4_L1_2.fq.gz
Approx 55% complete for RIL_WT_2_MKRN240023748-1A_22HGLTLT4_L1_2.fq.gz
Approx 60% complete for RIL_WT_2_MKRN240023748-1A_22HGLTLT4_L1_2.fq.gz
Approx 65% complete for RIL_WT_2_MKRN240023748-1A_22HGLTLT4_L1_2.fq.gz
Approx 70% complete for RIL_WT_2_MKRN240023748-1A_22HGLTLT4_L1_2.fq.gz
Approx 75% complete for RIL_WT_2_MKRN240023748-1A_22HGLTLT4_L1_2.fq.gz
Approx 80% complete for RIL_WT_2_MKRN240023748-1A_22HGLTLT4_L1_2.fq.gz
Approx 85% complete for RIL_WT_2_MKRN240023748-1A_22HGLTLT4_L1_2.fq.gz
Approx 90% complete for RIL_WT_2_MKRN240023748-1A_22HGLTLT4_L1_2.fq.gz
Approx 95% complete for RIL_WT_2_MKRN240023748-1A_22HGLTLT4_L1_2.fq.gz
Analysis complete for RIL_WT_2_MKRN240023748-1A_22HGLTLT4_L1_2.fq.gz
application/x-gzip
Started analysis of RIL_WT_3_MKRN240023749-1A_22HGLTLT4_L1_1.fq.gz
Approx 5% complete for RIL_WT_3_MKRN240023749-1A_22HGLTLT4_L1_1.fq.gz
Approx 10% complete for RIL_WT_3_MKRN240023749-1A_22HGLTLT4_L1_1.fq.gz
Approx 15% complete for RIL_WT_3_MKRN240023749-1A_22HGLTLT4_L1_1.fq.gz
Approx 20% complete for RIL_WT_3_MKRN240023749-1A_22HGLTLT4_L1_1.fq.gz
Approx 25% complete for RIL_WT_3_MKRN240023749-1A_22HGLTLT4_L1_1.fq.gz
Approx 30% complete for RIL_WT_3_MKRN240023749-1A_22HGLTLT4_L1_1.fq.gz
Approx 35% complete for RIL_WT_3_MKRN240023749-1A_22HGLTLT4_L1_1.fq.gz
Approx 40% complete for RIL_WT_3_MKRN240023749-1A_22HGLTLT4_L1_1.fq.gz
Approx 45% complete for RIL_WT_3_MKRN240023749-1A_22HGLTLT4_L1_1.fq.gz
Approx 50% complete for RIL_WT_3_MKRN240023749-1A_22HGLTLT4_L1_1.fq.gz
Approx 55% complete for RIL_WT_3_MKRN240023749-1A_22HGLTLT4_L1_1.fq.gz
Approx 60% complete for RIL_WT_3_MKRN240023749-1A_22HGLTLT4_L1_1.fq.gz
Approx 65% complete for RIL_WT_3_MKRN240023749-1A_22HGLTLT4_L1_1.fq.gz
Approx 70% complete for RIL_WT_3_MKRN240023749-1A_22HGLTLT4_L1_1.fq.gz
Approx 75% complete for RIL_WT_3_MKRN240023749-1A_22HGLTLT4_L1_1.fq.gz
Approx 80% complete for RIL_WT_3_MKRN240023749-1A_22HGLTLT4_L1_1.fq.gz
Approx 85% complete for RIL_WT_3_MKRN240023749-1A_22HGLTLT4_L1_1.fq.gz
Approx 90% complete for RIL_WT_3_MKRN240023749-1A_22HGLTLT4_L1_1.fq.gz
Approx 95% complete for RIL_WT_3_MKRN240023749-1A_22HGLTLT4_L1_1.fq.gz
Analysis complete for RIL_WT_3_MKRN240023749-1A_22HGLTLT4_L1_1.fq.gz
application/x-gzip
Started analysis of RIL_WT_3_MKRN240023749-1A_22HGLTLT4_L1_2.fq.gz
Approx 5% complete for RIL_WT_3_MKRN240023749-1A_22HGLTLT4_L1_2.fq.gz
Approx 10% complete for RIL_WT_3_MKRN240023749-1A_22HGLTLT4_L1_2.fq.gz
Approx 15% complete for RIL_WT_3_MKRN240023749-1A_22HGLTLT4_L1_2.fq.gz
Approx 20% complete for RIL_WT_3_MKRN240023749-1A_22HGLTLT4_L1_2.fq.gz
Approx 25% complete for RIL_WT_3_MKRN240023749-1A_22HGLTLT4_L1_2.fq.gz
Approx 30% complete for RIL_WT_3_MKRN240023749-1A_22HGLTLT4_L1_2.fq.gz
Approx 35% complete for RIL_WT_3_MKRN240023749-1A_22HGLTLT4_L1_2.fq.gz
Approx 40% complete for RIL_WT_3_MKRN240023749-1A_22HGLTLT4_L1_2.fq.gz
Approx 45% complete for RIL_WT_3_MKRN240023749-1A_22HGLTLT4_L1_2.fq.gz
Approx 50% complete for RIL_WT_3_MKRN240023749-1A_22HGLTLT4_L1_2.fq.gz
Approx 55% complete for RIL_WT_3_MKRN240023749-1A_22HGLTLT4_L1_2.fq.gz
Approx 60% complete for RIL_WT_3_MKRN240023749-1A_22HGLTLT4_L1_2.fq.gz
Approx 65% complete for RIL_WT_3_MKRN240023749-1A_22HGLTLT4_L1_2.fq.gz
Approx 70% complete for RIL_WT_3_MKRN240023749-1A_22HGLTLT4_L1_2.fq.gz
Approx 75% complete for RIL_WT_3_MKRN240023749-1A_22HGLTLT4_L1_2.fq.gz
Approx 80% complete for RIL_WT_3_MKRN240023749-1A_22HGLTLT4_L1_2.fq.gz
Approx 85% complete for RIL_WT_3_MKRN240023749-1A_22HGLTLT4_L1_2.fq.gz
Approx 90% complete for RIL_WT_3_MKRN240023749-1A_22HGLTLT4_L1_2.fq.gz
Approx 95% complete for RIL_WT_3_MKRN240023749-1A_22HGLTLT4_L1_2.fq.gz
Analysis complete for RIL_WT_3_MKRN240023749-1A_22HGLTLT4_L1_2.fq.gz
